Script started on 2026-03-30 15:18:20+00:00 [COMMAND="INPUT_PATH='/users/lenders/pivot-eval/output_dataset' hyperfine --warmup 0 --max-runs 1 --show-output --ignore-failure '/home/lenders/pivot-eval/05_ml_to_identify_dns_traffic/binvec.sh'" TERM="screen-256color" TTY="/dev/pts/8" COLUMNS="80" LINES="24"]
Benchmark 1: /home/lenders/pivot-eval/05_ml_to_identify_dns_traffic/binvec.sh
Running on 16 workers
Processing /users/lenders/pivot-eval/output_dataset/coaps-d2_json_dns_message_randiv_pad.training.csv.gz
Created /users/lenders/pivot-eval/output_dataset/coaps-d2_json_dns_message_randiv_pad.binvec.parquet
Processing /users/lenders/pivot-eval/output_dataset/coaps-d1_json_dns_message.training.csv.gz
Created /users/lenders/pivot-eval/output_dataset/coaps-d1_json_dns_message.binvec.parquet
Processing /users/lenders/pivot-eval/output_dataset/coap-p2_json_dns_message.training.csv.gz
Created /users/lenders/pivot-eval/output_dataset/coap-p2_json_dns_message.binvec.parquet
Processing /users/lenders/pivot-eval/output_dataset/coap-d1_json_dns_message.training.csv.gz
Created /users/lenders/pivot-eval/output_dataset/coap-d1_json_dns_message.binvec.parquet
Processing /users/lenders/pivot-eval/output_dataset/coap-d2_json_dns_message.training.csv.gz
Created /users/lenders/pivot-eval/output_dataset/coap-d2_json_dns_message.binvec.parquet
Processing /users/lenders/pivot-eval/output_dataset/coap-p1_json_dns_message.training.csv.gz
Created /users/lenders/pivot-eval/output_dataset/coap-p1_json_dns_message.binvec.parquet
Processing /users/lenders/pivot-eval/output_dataset/coaps-d1_json_dns_message_randiv_pad.training.csv.gz
Created /users/lenders/pivot-eval/output_dataset/coaps-d1_json_dns_message_randiv_pad.binvec.parquet
Processing /users/lenders/pivot-eval/output_dataset/coaps-d2_json_dns_message.training.csv.gz
Created /users/lenders/pivot-eval/output_dataset/coaps-d2_json_dns_message.binvec.parquet
Processing /users/lenders/pivot-eval/output_dataset/coaps-p1_json_dns_message_randiv_pad.training.csv.gz
Created /users/lenders/pivot-eval/output_dataset/coaps-p1_json_dns_message_randiv_pad.binvec.parquet
Processing /users/lenders/pivot-eval/output_dataset/https-d1_json_dns_message.training.csv.gz
Created /users/lenders/pivot-eval/output_dataset/https-d1_json_dns_message.binvec.parquet
Processing /users/lenders/pivot-eval/output_dataset/https-p1_json_dns_message.training.csv.gz
Created /users/lenders/pivot-eval/output_dataset/https-p1_json_dns_message.binvec.parquet
Processing /users/lenders/pivot-eval/output_dataset/coaps-p1_json_dns_message.training.csv.gz
Created /users/lenders/pivot-eval/output_dataset/coaps-p1_json_dns_message.binvec.parquet
Processing /users/lenders/pivot-eval/output_dataset/coaps-p2_json_dns_message_randiv_pad.training.csv.gz
Created /users/lenders/pivot-eval/output_dataset/coaps-p2_json_dns_message_randiv_pad.binvec.parquet
Processing /users/lenders/pivot-eval/output_dataset/https-d2_json_dns_message.training.csv.gz
Created /users/lenders/pivot-eval/output_dataset/https-d2_json_dns_message.binvec.parquet
Processing /users/lenders/pivot-eval/output_dataset/coaps-p2_json_dns_message.training.csv.gz
Created /users/lenders/pivot-eval/output_dataset/coaps-p2_json_dns_message.binvec.parquet
Processing /users/lenders/pivot-eval/output_dataset/https-p2_json_dns_message.training.csv.gz
Created /users/lenders/pivot-eval/output_dataset/https-p2_json_dns_message.binvec.parquet
Processing /users/lenders/pivot-eval/output_dataset/coap-d2_json_dns_message_b64.training.csv.gz
Created /users/lenders/pivot-eval/output_dataset/coap-d2_json_dns_message_b64.binvec.parquet
Processing /users/lenders/pivot-eval/output_dataset/coap-d1_json_dns_message_b64.training.csv.gz
Created /users/lenders/pivot-eval/output_dataset/coap-d1_json_dns_message_b64.binvec.parquet
Processing /users/lenders/pivot-eval/output_dataset/oscore-d2_json_dns_message_randiv_pad.training.csv.gz
Created /users/lenders/pivot-eval/output_dataset/oscore-d2_json_dns_message_randiv_pad.binvec.parquet
Processing /users/lenders/pivot-eval/output_dataset/oscore-d2_json_dns_message.training.csv.gz
Created /users/lenders/pivot-eval/output_dataset/oscore-d2_json_dns_message.binvec.parquet
Processing /users/lenders/pivot-eval/output_dataset/oscore-p1_json_dns_message_randiv_pad.training.csv.gz
Created /users/lenders/pivot-eval/output_dataset/oscore-p1_json_dns_message_randiv_pad.binvec.parquet
Processing /users/lenders/pivot-eval/output_dataset/oscore-d1_json_dns_message.training.csv.gz
Created /users/lenders/pivot-eval/output_dataset/oscore-d1_json_dns_message.binvec.parquet
Processing /users/lenders/pivot-eval/output_dataset/oscore-d1_json_dns_message_randiv_pad.training.csv.gz
Created /users/lenders/pivot-eval/output_dataset/oscore-d1_json_dns_message_randiv_pad.binvec.parquet
Processing /users/lenders/pivot-eval/output_dataset/oscore-p1_json_dns_message.training.csv.gz
Created /users/lenders/pivot-eval/output_dataset/oscore-p1_json_dns_message.binvec.parquet
Processing /users/lenders/pivot-eval/output_dataset/coap-p1_json_dns_message_b64.training.csv.gz
Created /users/lenders/pivot-eval/output_dataset/coap-p1_json_dns_message_b64.binvec.parquet
Processing /users/lenders/pivot-eval/output_dataset/coap-p2_json_dns_message_b64.training.csv.gz
Created /users/lenders/pivot-eval/output_dataset/coap-p2_json_dns_message_b64.binvec.parquet
Processing /users/lenders/pivot-eval/output_dataset/oscore-p2_json_dns_message.training.csv.gz
Created /users/lenders/pivot-eval/output_dataset/oscore-p2_json_dns_message.binvec.parquet
Processing /users/lenders/pivot-eval/output_dataset/oscore-p2_json_dns_message_randiv_pad.training.csv.gz
Created /users/lenders/pivot-eval/output_dataset/oscore-p2_json_dns_message_randiv_pad.binvec.parquet
Processing /users/lenders/pivot-eval/output_dataset/coaps-d2_json_dns_message_b64.training.csv.gz
Created /users/lenders/pivot-eval/output_dataset/coaps-d2_json_dns_message_b64.binvec.parquet
Processing /users/lenders/pivot-eval/output_dataset/coaps-d2_json_dns_message_b64_randiv_pad.training.csv.gz
Created /users/lenders/pivot-eval/output_dataset/coaps-d2_json_dns_message_b64_randiv_pad.binvec.parquet
Processing /users/lenders/pivot-eval/output_dataset/coaps-d1_json_dns_message_b64_randiv_pad.training.csv.gz
Created /users/lenders/pivot-eval/output_dataset/coaps-d1_json_dns_message_b64_randiv_pad.binvec.parquet
Processing /users/lenders/pivot-eval/output_dataset/coaps-d1_json_dns_message_b64.training.csv.gz
Created /users/lenders/pivot-eval/output_dataset/coaps-d1_json_dns_message_b64.binvec.parquet
Processing /users/lenders/pivot-eval/output_dataset/oscore-d2_json_dns_message_b64.training.csv.gz
Created /users/lenders/pivot-eval/output_dataset/oscore-d2_json_dns_message_b64.binvec.parquet
Processing /users/lenders/pivot-eval/output_dataset/oscore-d2_json_dns_message_b64_randiv_pad.training.csv.gz
Created /users/lenders/pivot-eval/output_dataset/oscore-d2_json_dns_message_b64_randiv_pad.binvec.parquet
Processing /users/lenders/pivot-eval/output_dataset/coaps-p2_json_dns_message_b64_randiv_pad.training.csv.gz
Created /users/lenders/pivot-eval/output_dataset/coaps-p2_json_dns_message_b64_randiv_pad.binvec.parquet
Processing /users/lenders/pivot-eval/output_dataset/coaps-p1_json_dns_message_b64.training.csv.gz
Created /users/lenders/pivot-eval/output_dataset/coaps-p1_json_dns_message_b64.binvec.parquet
Processing /users/lenders/pivot-eval/output_dataset/oscore-d1_json_dns_message_b64.training.csv.gz
Created /users/lenders/pivot-eval/output_dataset/oscore-d1_json_dns_message_b64.binvec.parquet
Processing /users/lenders/pivot-eval/output_dataset/oscore-d1_json_dns_message_b64_randiv_pad.training.csv.gz
Created /users/lenders/pivot-eval/output_dataset/oscore-d1_json_dns_message_b64_randiv_pad.binvec.parquet
Processing /users/lenders/pivot-eval/output_dataset/oscore-base-d1_json_dns_message.training.csv.gz
Created /users/lenders/pivot-eval/output_dataset/oscore-base-d1_json_dns_message.binvec.parquet
Processing /users/lenders/pivot-eval/output_dataset/oscore-base-d2_json_dns_message.training.csv.gz
Created /users/lenders/pivot-eval/output_dataset/oscore-base-d2_json_dns_message.binvec.parquet
Processing /users/lenders/pivot-eval/output_dataset/coaps-schc-d1_json_dns_message.training.csv.gz
Created /users/lenders/pivot-eval/output_dataset/coaps-schc-d1_json_dns_message.binvec.parquet
Processing /users/lenders/pivot-eval/output_dataset/coaps-schc-d1_json_dns_message_randiv_pad.training.csv.gz
Created /users/lenders/pivot-eval/output_dataset/coaps-schc-d1_json_dns_message_randiv_pad.binvec.parquet
Processing /users/lenders/pivot-eval/output_dataset/oscore-base-p1_json_dns_message.training.csv.gz
Created /users/lenders/pivot-eval/output_dataset/oscore-base-p1_json_dns_message.binvec.parquet
Processing /users/lenders/pivot-eval/output_dataset/coaps-p2_json_dns_message_b64.training.csv.gz
Created /users/lenders/pivot-eval/output_dataset/coaps-p2_json_dns_message_b64.binvec.parquet
Processing /users/lenders/pivot-eval/output_dataset/coaps-p1_json_dns_message_b64_randiv_pad.training.csv.gz
Created /users/lenders/pivot-eval/output_dataset/coaps-p1_json_dns_message_b64_randiv_pad.binvec.parquet
Processing /users/lenders/pivot-eval/output_dataset/coaps-schc-d2_json_dns_message.training.csv.gz
Created /users/lenders/pivot-eval/output_dataset/coaps-schc-d2_json_dns_message.binvec.parquet
Processing /users/lenders/pivot-eval/output_dataset/coaps-schc-p1_json_dns_message.training.csv.gz
Created /users/lenders/pivot-eval/output_dataset/coaps-schc-p1_json_dns_message.binvec.parquet
Processing /users/lenders/pivot-eval/output_dataset/coaps-schc-d2_json_dns_message_randiv_pad.training.csv.gz
Created /users/lenders/pivot-eval/output_dataset/coaps-schc-d2_json_dns_message_randiv_pad.binvec.parquet
Processing /users/lenders/pivot-eval/output_dataset/coaps-schc-p1_json_dns_message_randiv_pad.training.csv.gz
Created /users/lenders/pivot-eval/output_dataset/coaps-schc-p1_json_dns_message_randiv_pad.binvec.parquet
Processing /users/lenders/pivot-eval/output_dataset/coaps-schc-p2_json_dns_message.training.csv.gz
Created /users/lenders/pivot-eval/output_dataset/coaps-schc-p2_json_dns_message.binvec.parquet
Processing /users/lenders/pivot-eval/output_dataset/coaps-schc-p2_json_dns_message_randiv_pad.training.csv.gz
Created /users/lenders/pivot-eval/output_dataset/coaps-schc-p2_json_dns_message_randiv_pad.binvec.parquet
Processing /users/lenders/pivot-eval/output_dataset/oscore-base-p2_json_dns_message.training.csv.gz
Created /users/lenders/pivot-eval/output_dataset/oscore-base-p2_json_dns_message.binvec.parquet
Processing /users/lenders/pivot-eval/output_dataset/coaps-schc-d1_json_dns_message_b64.training.csv.gz
Created /users/lenders/pivot-eval/output_dataset/coaps-schc-d1_json_dns_message_b64.binvec.parquet
Processing /users/lenders/pivot-eval/output_dataset/oscore-p1_json_dns_message_b64_randiv_pad.training.csv.gz
Created /users/lenders/pivot-eval/output_dataset/oscore-p1_json_dns_message_b64_randiv_pad.binvec.parquet
Processing /users/lenders/pivot-eval/output_dataset/oscore-p1_json_dns_message_b64.training.csv.gz
Created /users/lenders/pivot-eval/output_dataset/oscore-p1_json_dns_message_b64.binvec.parquet
Processing /users/lenders/pivot-eval/output_dataset/coaps-schc-d1_json_dns_message_b64_randiv_pad.training.csv.gz
Created /users/lenders/pivot-eval/output_dataset/coaps-schc-d1_json_dns_message_b64_randiv_pad.binvec.parquet
Processing /users/lenders/pivot-eval/output_dataset/coaps-schc-d2_json_dns_message_b64.training.csv.gz
Created /users/lenders/pivot-eval/output_dataset/coaps-schc-d2_json_dns_message_b64.binvec.parquet
Processing /users/lenders/pivot-eval/output_dataset/coaps-schc-d2_json_dns_message_b64_randiv_pad.training.csv.gz
Created /users/lenders/pivot-eval/output_dataset/coaps-schc-d2_json_dns_message_b64_randiv_pad.binvec.parquet
Processing /users/lenders/pivot-eval/output_dataset/coaps-schc-p1_json_dns_message_b64.training.csv.gz
Created /users/lenders/pivot-eval/output_dataset/coaps-schc-p1_json_dns_message_b64.binvec.parquet
Processing /users/lenders/pivot-eval/output_dataset/coaps-schc-p1_json_dns_message_b64_randiv_pad.training.csv.gz
Created /users/lenders/pivot-eval/output_dataset/coaps-schc-p1_json_dns_message_b64_randiv_pad.binvec.parquet
Processing /users/lenders/pivot-eval/output_dataset/oscore-schc-d1_json_dns_message.training.csv.gz
Created /users/lenders/pivot-eval/output_dataset/oscore-schc-d1_json_dns_message.binvec.parquet
Processing /users/lenders/pivot-eval/output_dataset/oscore-schc-d1_json_dns_message_randiv_pad.training.csv.gz
Created /users/lenders/pivot-eval/output_dataset/oscore-schc-d1_json_dns_message_randiv_pad.binvec.parquet
Processing /users/lenders/pivot-eval/output_dataset/coaps-schc-p2_json_dns_message_b64.training.csv.gz
Created /users/lenders/pivot-eval/output_dataset/coaps-schc-p2_json_dns_message_b64.binvec.parquet
Processing /users/lenders/pivot-eval/output_dataset/oscore-schc-d2_json_dns_message.training.csv.gz
Created /users/lenders/pivot-eval/output_dataset/oscore-schc-d2_json_dns_message.binvec.parquet
Processing /users/lenders/pivot-eval/output_dataset/oscore-schc-d2_json_dns_message_randiv_pad.training.csv.gz
Created /users/lenders/pivot-eval/output_dataset/oscore-schc-d2_json_dns_message_randiv_pad.binvec.parquet
Processing /users/lenders/pivot-eval/output_dataset/coaps-schc-p2_json_dns_message_b64_randiv_pad.training.csv.gz
Created /users/lenders/pivot-eval/output_dataset/coaps-schc-p2_json_dns_message_b64_randiv_pad.binvec.parquet
Processing /users/lenders/pivot-eval/output_dataset/oscore-schc-p1_json_dns_message.training.csv.gz
Created /users/lenders/pivot-eval/output_dataset/oscore-schc-p1_json_dns_message.binvec.parquet
Processing /users/lenders/pivot-eval/output_dataset/oscore-schc-p2_json_dns_message.training.csv.gz
Created /users/lenders/pivot-eval/output_dataset/oscore-schc-p2_json_dns_message.binvec.parquet
Processing /users/lenders/pivot-eval/output_dataset/oscore-schc-p1_json_dns_message_randiv_pad.training.csv.gz
Created /users/lenders/pivot-eval/output_dataset/oscore-schc-p1_json_dns_message_randiv_pad.binvec.parquet
Processing /users/lenders/pivot-eval/output_dataset/oscore-schc-p2_json_dns_message_randiv_pad.training.csv.gz
Created /users/lenders/pivot-eval/output_dataset/oscore-schc-p2_json_dns_message_randiv_pad.binvec.parquet
Processing /users/lenders/pivot-eval/output_dataset/oscore-p2_json_dns_message_b64.training.csv.gz
Created /users/lenders/pivot-eval/output_dataset/oscore-p2_json_dns_message_b64.binvec.parquet
Processing /users/lenders/pivot-eval/output_dataset/oscore-base-schc-d1_json_dns_message.training.csv.gz
Created /users/lenders/pivot-eval/output_dataset/oscore-base-schc-d1_json_dns_message.binvec.parquet
Processing /users/lenders/pivot-eval/output_dataset/oscore-base-schc-d2_json_dns_message.training.csv.gz
Created /users/lenders/pivot-eval/output_dataset/oscore-base-schc-d2_json_dns_message.binvec.parquet
Processing /users/lenders/pivot-eval/output_dataset/oscore-schc-d1_json_dns_message_b64.training.csv.gz
Created /users/lenders/pivot-eval/output_dataset/oscore-schc-d1_json_dns_message_b64.binvec.parquet
Processing /users/lenders/pivot-eval/output_dataset/oscore-schc-d1_json_dns_message_b64_randiv_pad.training.csv.gz
Created /users/lenders/pivot-eval/output_dataset/oscore-schc-d1_json_dns_message_b64_randiv_pad.binvec.parquet
Processing /users/lenders/pivot-eval/output_dataset/oscore-schc-d2_json_dns_message_b64_randiv_pad.training.csv.gz
Created /users/lenders/pivot-eval/output_dataset/oscore-schc-d2_json_dns_message_b64_randiv_pad.binvec.parquet
Processing /users/lenders/pivot-eval/output_dataset/oscore-schc-d2_json_dns_message_b64.training.csv.gz
Created /users/lenders/pivot-eval/output_dataset/oscore-schc-d2_json_dns_message_b64.binvec.parquet
Processing /users/lenders/pivot-eval/output_dataset/oscore-base-schc-p1_json_dns_message.training.csv.gz
Created /users/lenders/pivot-eval/output_dataset/oscore-base-schc-p1_json_dns_message.binvec.parquet
Processing /users/lenders/pivot-eval/output_dataset/oscore-p2_json_dns_message_b64_randiv_pad.training.csv.gz
Created /users/lenders/pivot-eval/output_dataset/oscore-p2_json_dns_message_b64_randiv_pad.binvec.parquet
Processing /users/lenders/pivot-eval/output_dataset/oscore-schc-p1_json_dns_message_b64.training.csv.gz
Created /users/lenders/pivot-eval/output_dataset/oscore-schc-p1_json_dns_message_b64.binvec.parquet
Processing /users/lenders/pivot-eval/output_dataset/oscore-schc-p1_json_dns_message_b64_randiv_pad.training.csv.gz
Created /users/lenders/pivot-eval/output_dataset/oscore-schc-p1_json_dns_message_b64_randiv_pad.binvec.parquet
Processing /users/lenders/pivot-eval/output_dataset/oscore-base-schc-p2_json_dns_message.training.csv.gz
Created /users/lenders/pivot-eval/output_dataset/oscore-base-schc-p2_json_dns_message.binvec.parquet
Processing /users/lenders/pivot-eval/output_dataset/oscore-schc-p2_json_dns_message_b64.training.csv.gz
Created /users/lenders/pivot-eval/output_dataset/oscore-schc-p2_json_dns_message_b64.binvec.parquet
Processing /users/lenders/pivot-eval/output_dataset/coaps-schc-d2-min-rules_json_dns_message.training.csv.gz
Created /users/lenders/pivot-eval/output_dataset/coaps-schc-d2-min-rules_json_dns_message.binvec.parquet
Processing /users/lenders/pivot-eval/output_dataset/oscore-schc-p2_json_dns_message_b64_randiv_pad.training.csv.gz
Created /users/lenders/pivot-eval/output_dataset/oscore-schc-p2_json_dns_message_b64_randiv_pad.binvec.parquet
Processing /users/lenders/pivot-eval/output_dataset/coaps-schc-d2-min-rules_json_dns_message_randiv_pad.training.csv.gz
Created /users/lenders/pivot-eval/output_dataset/coaps-schc-d2-min-rules_json_dns_message_randiv_pad.binvec.parquet
Processing /users/lenders/pivot-eval/output_dataset/oscore-schc-d2-min-rules_json_dns_message.training.csv.gz
Created /users/lenders/pivot-eval/output_dataset/oscore-schc-d2-min-rules_json_dns_message.binvec.parquet
Processing /users/lenders/pivot-eval/output_dataset/oscore-schc-d2-min-rules_json_dns_message_randiv_pad.training.csv.gz
Created /users/lenders/pivot-eval/output_dataset/oscore-schc-d2-min-rules_json_dns_message_randiv_pad.binvec.parquet
Processing /users/lenders/pivot-eval/output_dataset/oscore-base-schc-p2_json_dns_message_b64.training.csv.gz
Created /users/lenders/pivot-eval/output_dataset/oscore-base-schc-p2_json_dns_message_b64.binvec.parquet
Processing /users/lenders/pivot-eval/output_dataset/oscore-base-schc-d1_json_dns_message_b64.training.csv.gz
Created /users/lenders/pivot-eval/output_dataset/oscore-base-schc-d1_json_dns_message_b64.binvec.parquet
Processing /users/lenders/pivot-eval/output_dataset/oscore-base-schc-p1_json_dns_message_b64.training.csv.gz
Created /users/lenders/pivot-eval/output_dataset/oscore-base-schc-p1_json_dns_message_b64.binvec.parquet
Processing /users/lenders/pivot-eval/output_dataset/oscore-base-schc-d2-min-rules_json_dns_message.training.csv.gz
Created /users/lenders/pivot-eval/output_dataset/oscore-base-schc-d2-min-rules_json_dns_message.binvec.parquet
Processing /users/lenders/pivot-eval/output_dataset/coaps-schc-d2-min-rules_json_dns_message_b64.training.csv.gz
Created /users/lenders/pivot-eval/output_dataset/coaps-schc-d2-min-rules_json_dns_message_b64.binvec.parquet
Processing /users/lenders/pivot-eval/output_dataset/oscore-base-schc-p2-min-rules_json_dns_message.training.csv.gz
Created /users/lenders/pivot-eval/output_dataset/oscore-base-schc-p2-min-rules_json_dns_message.binvec.parquet
Processing /users/lenders/pivot-eval/output_dataset/oscore-base-schc-d2_json_dns_message_b64.training.csv.gz
Created /users/lenders/pivot-eval/output_dataset/oscore-base-schc-d2_json_dns_message_b64.binvec.parquet
Processing /users/lenders/pivot-eval/output_dataset/coaps-schc-d2-min-rules_json_dns_message_b64_randiv_pad.training.csv.gz
Created /users/lenders/pivot-eval/output_dataset/coaps-schc-d2-min-rules_json_dns_message_b64_randiv_pad.binvec.parquet
Processing /users/lenders/pivot-eval/output_dataset/coaps-schc-d2-peer-based_json_dns_message.training.csv.gz
Created /users/lenders/pivot-eval/output_dataset/coaps-schc-d2-peer-based_json_dns_message.binvec.parquet
Processing /users/lenders/pivot-eval/output_dataset/oscore-schc-d2-min-rules_json_dns_message_b64.training.csv.gz
Created /users/lenders/pivot-eval/output_dataset/oscore-schc-d2-min-rules_json_dns_message_b64.binvec.parquet
Processing /users/lenders/pivot-eval/output_dataset/coaps-schc-d2-peer-based_json_dns_message_randiv_pad.training.csv.gz
Created /users/lenders/pivot-eval/output_dataset/coaps-schc-d2-peer-based_json_dns_message_randiv_pad.binvec.parquet
Processing /users/lenders/pivot-eval/output_dataset/oscore-schc-d2-peer-based_json_dns_message.training.csv.gz
Created /users/lenders/pivot-eval/output_dataset/oscore-schc-d2-peer-based_json_dns_message.binvec.parquet
Processing /users/lenders/pivot-eval/output_dataset/oscore-schc-d2-min-rules_json_dns_message_b64_randiv_pad.training.csv.gz
Created /users/lenders/pivot-eval/output_dataset/oscore-schc-d2-min-rules_json_dns_message_b64_randiv_pad.binvec.parquet
Processing /users/lenders/pivot-eval/output_dataset/oscore-schc-d2-peer-based_json_dns_message_randiv_pad.training.csv.gz
Created /users/lenders/pivot-eval/output_dataset/oscore-schc-d2-peer-based_json_dns_message_randiv_pad.binvec.parquet
Processing /users/lenders/pivot-eval/output_dataset/oscore-base-schc-p2-min-rules_json_dns_message_b64.training.csv.gz
Created /users/lenders/pivot-eval/output_dataset/oscore-base-schc-p2-min-rules_json_dns_message_b64.binvec.parquet
Processing /users/lenders/pivot-eval/output_dataset/oscore-base-schc-d2-min-rules_json_dns_message_b64.training.csv.gz
Created /users/lenders/pivot-eval/output_dataset/oscore-base-schc-d2-min-rules_json_dns_message_b64.binvec.parquet
Processing /users/lenders/pivot-eval/output_dataset/coaps-schc-d2-peer-based_json_dns_message_b64_randiv_pad.training.csv.gz
Created /users/lenders/pivot-eval/output_dataset/coaps-schc-d2-peer-based_json_dns_message_b64_randiv_pad.binvec.parquet
Processing /users/lenders/pivot-eval/output_dataset/coaps-schc-d2-peer-based_json_dns_message_b64.training.csv.gz
Created /users/lenders/pivot-eval/output_dataset/coaps-schc-d2-peer-based_json_dns_message_b64.binvec.parquet
Processing /users/lenders/pivot-eval/output_dataset/oscore-base-schc-d2-peer-based_json_dns_message.training.csv.gz
Created /users/lenders/pivot-eval/output_dataset/oscore-base-schc-d2-peer-based_json_dns_message.binvec.parquet
Processing /users/lenders/pivot-eval/output_dataset/oscore-schc-d2-peer-based_json_dns_message_b64_randiv_pad.training.csv.gz
Created /users/lenders/pivot-eval/output_dataset/oscore-schc-d2-peer-based_json_dns_message_b64_randiv_pad.binvec.parquet
Processing /users/lenders/pivot-eval/output_dataset/oscore-schc-d2-peer-based_json_dns_message_b64.training.csv.gz
Created /users/lenders/pivot-eval/output_dataset/oscore-schc-d2-peer-based_json_dns_message_b64.binvec.parquet
Processing /users/lenders/pivot-eval/output_dataset/oscore-base-d1_json_dns_message_b64.training.csv.gz
Created /users/lenders/pivot-eval/output_dataset/oscore-base-d1_json_dns_message_b64.binvec.parquet
Processing /users/lenders/pivot-eval/output_dataset/oscore-base-d2_json_dns_message_b64.training.csv.gz
Created /users/lenders/pivot-eval/output_dataset/oscore-base-d2_json_dns_message_b64.binvec.parquet
Processing /users/lenders/pivot-eval/output_dataset/oscore-base-schc-d2-peer-based_json_dns_message_b64.training.csv.gz
Created /users/lenders/pivot-eval/output_dataset/oscore-base-schc-d2-peer-based_json_dns_message_b64.binvec.parquet
Processing /users/lenders/pivot-eval/output_dataset/coap-p2_json_dns_cbor.training.csv.gz
Created /users/lenders/pivot-eval/output_dataset/coap-p2_json_dns_cbor.binvec.parquet
Processing /users/lenders/pivot-eval/output_dataset/coap-d1_json_dns_cbor.training.csv.gz
Created /users/lenders/pivot-eval/output_dataset/coap-d1_json_dns_cbor.binvec.parquet
Processing /users/lenders/pivot-eval/output_dataset/coap-d2_json_dns_cbor.training.csv.gz
Created /users/lenders/pivot-eval/output_dataset/coap-d2_json_dns_cbor.binvec.parquet
Processing /users/lenders/pivot-eval/output_dataset/coap-p1_json_dns_cbor.training.csv.gz
Created /users/lenders/pivot-eval/output_dataset/coap-p1_json_dns_cbor.binvec.parquet
Processing /users/lenders/pivot-eval/output_dataset/coaps-d1_json_dns_cbor.training.csv.gz
Created /users/lenders/pivot-eval/output_dataset/coaps-d1_json_dns_cbor.binvec.parquet
Processing /users/lenders/pivot-eval/output_dataset/oscore-base-p2_json_dns_message_b64.training.csv.gz
Created /users/lenders/pivot-eval/output_dataset/oscore-base-p2_json_dns_message_b64.binvec.parquet
Processing /users/lenders/pivot-eval/output_dataset/coaps-d1_json_dns_cbor_randiv_pad.training.csv.gz
Created /users/lenders/pivot-eval/output_dataset/coaps-d1_json_dns_cbor_randiv_pad.binvec.parquet
Processing /users/lenders/pivot-eval/output_dataset/https-p2_json_dns_cbor.training.csv.gz
Created /users/lenders/pivot-eval/output_dataset/https-p2_json_dns_cbor.binvec.parquet
Processing /users/lenders/pivot-eval/output_dataset/coap-d1_json_dns_cbor_b64.training.csv.gz
Created /users/lenders/pivot-eval/output_dataset/coap-d1_json_dns_cbor_b64.binvec.parquet
Processing /users/lenders/pivot-eval/output_dataset/oscore-base-p1_json_dns_message_b64.training.csv.gz
Created /users/lenders/pivot-eval/output_dataset/oscore-base-p1_json_dns_message_b64.binvec.parquet
Processing /users/lenders/pivot-eval/output_dataset/https-d1_json_dns_cbor.training.csv.gz
Created /users/lenders/pivot-eval/output_dataset/https-d1_json_dns_cbor.binvec.parquet
Processing /users/lenders/pivot-eval/output_dataset/https-d2_json_dns_cbor.training.csv.gz
Created /users/lenders/pivot-eval/output_dataset/https-d2_json_dns_cbor.binvec.parquet
Processing /users/lenders/pivot-eval/output_dataset/coaps-d2_json_dns_cbor_randiv_pad.training.csv.gz
Created /users/lenders/pivot-eval/output_dataset/coaps-d2_json_dns_cbor_randiv_pad.binvec.parquet
Processing /users/lenders/pivot-eval/output_dataset/https-p1_json_dns_cbor.training.csv.gz
Created /users/lenders/pivot-eval/output_dataset/https-p1_json_dns_cbor.binvec.parquet
Processing /users/lenders/pivot-eval/output_dataset/coaps-d2_json_dns_cbor.training.csv.gz
Created /users/lenders/pivot-eval/output_dataset/coaps-d2_json_dns_cbor.binvec.parquet
Processing /users/lenders/pivot-eval/output_dataset/coaps-p1_json_dns_cbor.training.csv.gz
Created /users/lenders/pivot-eval/output_dataset/coaps-p1_json_dns_cbor.binvec.parquet
Processing /users/lenders/pivot-eval/output_dataset/coap-d2_json_dns_cbor_b64.training.csv.gz
Created /users/lenders/pivot-eval/output_dataset/coap-d2_json_dns_cbor_b64.binvec.parquet
Processing /users/lenders/pivot-eval/output_dataset/coaps-p1_json_dns_cbor_randiv_pad.training.csv.gz
Created /users/lenders/pivot-eval/output_dataset/coaps-p1_json_dns_cbor_randiv_pad.binvec.parquet
Processing /users/lenders/pivot-eval/output_dataset/coaps-p2_json_dns_cbor.training.csv.gz
Created /users/lenders/pivot-eval/output_dataset/coaps-p2_json_dns_cbor.binvec.parquet
Processing /users/lenders/pivot-eval/output_dataset/coaps-p2_json_dns_cbor_randiv_pad.training.csv.gz
Created /users/lenders/pivot-eval/output_dataset/coaps-p2_json_dns_cbor_randiv_pad.binvec.parquet
Processing /users/lenders/pivot-eval/output_dataset/oscore-d1_json_dns_cbor.training.csv.gz
Created /users/lenders/pivot-eval/output_dataset/oscore-d1_json_dns_cbor.binvec.parquet
Processing /users/lenders/pivot-eval/output_dataset/oscore-d2_json_dns_cbor.training.csv.gz
Created /users/lenders/pivot-eval/output_dataset/oscore-d2_json_dns_cbor.binvec.parquet
Processing /users/lenders/pivot-eval/output_dataset/oscore-d2_json_dns_cbor_randiv_pad.training.csv.gz
Created /users/lenders/pivot-eval/output_dataset/oscore-d2_json_dns_cbor_randiv_pad.binvec.parquet
Processing /users/lenders/pivot-eval/output_dataset/coap-p2_json_dns_cbor_b64.training.csv.gz
Created /users/lenders/pivot-eval/output_dataset/coap-p2_json_dns_cbor_b64.binvec.parquet
Processing /users/lenders/pivot-eval/output_dataset/oscore-d1_json_dns_cbor_randiv_pad.training.csv.gz
Created /users/lenders/pivot-eval/output_dataset/oscore-d1_json_dns_cbor_randiv_pad.binvec.parquet
Processing /users/lenders/pivot-eval/output_dataset/coap-p1_json_dns_cbor_b64.training.csv.gz
Created /users/lenders/pivot-eval/output_dataset/coap-p1_json_dns_cbor_b64.binvec.parquet
Processing /users/lenders/pivot-eval/output_dataset/oscore-p1_json_dns_cbor_randiv_pad.training.csv.gz
Created /users/lenders/pivot-eval/output_dataset/oscore-p1_json_dns_cbor_randiv_pad.binvec.parquet
Processing /users/lenders/pivot-eval/output_dataset/oscore-p1_json_dns_cbor.training.csv.gz
Created /users/lenders/pivot-eval/output_dataset/oscore-p1_json_dns_cbor.binvec.parquet
Processing /users/lenders/pivot-eval/output_dataset/oscore-p2_json_dns_cbor.training.csv.gz
Created /users/lenders/pivot-eval/output_dataset/oscore-p2_json_dns_cbor.binvec.parquet
Processing /users/lenders/pivot-eval/output_dataset/oscore-p2_json_dns_cbor_randiv_pad.training.csv.gz
Created /users/lenders/pivot-eval/output_dataset/oscore-p2_json_dns_cbor_randiv_pad.binvec.parquet
Processing /users/lenders/pivot-eval/output_dataset/coaps-d1_json_dns_cbor_b64.training.csv.gz
Created /users/lenders/pivot-eval/output_dataset/coaps-d1_json_dns_cbor_b64.binvec.parquet
Processing /users/lenders/pivot-eval/output_dataset/coaps-p1_json_dns_cbor_b64.training.csv.gz
Created /users/lenders/pivot-eval/output_dataset/coaps-p1_json_dns_cbor_b64.binvec.parquet
Processing /users/lenders/pivot-eval/output_dataset/coaps-d2_json_dns_cbor_b64_randiv_pad.training.csv.gz
Created /users/lenders/pivot-eval/output_dataset/coaps-d2_json_dns_cbor_b64_randiv_pad.binvec.parquet
Processing /users/lenders/pivot-eval/output_dataset/coaps-d1_json_dns_cbor_b64_randiv_pad.training.csv.gz
Created /users/lenders/pivot-eval/output_dataset/coaps-d1_json_dns_cbor_b64_randiv_pad.binvec.parquet
Processing /users/lenders/pivot-eval/output_dataset/coaps-p2_json_dns_cbor_b64.training.csv.gz
Created /users/lenders/pivot-eval/output_dataset/coaps-p2_json_dns_cbor_b64.binvec.parquet
Processing /users/lenders/pivot-eval/output_dataset/coaps-p1_json_dns_cbor_b64_randiv_pad.training.csv.gz
Created /users/lenders/pivot-eval/output_dataset/coaps-p1_json_dns_cbor_b64_randiv_pad.binvec.parquet
Processing /users/lenders/pivot-eval/output_dataset/oscore-d2_json_dns_cbor_b64.training.csv.gz
Created /users/lenders/pivot-eval/output_dataset/oscore-d2_json_dns_cbor_b64.binvec.parquet
Processing /users/lenders/pivot-eval/output_dataset/oscore-d2_json_dns_cbor_b64_randiv_pad.training.csv.gz
Created /users/lenders/pivot-eval/output_dataset/oscore-d2_json_dns_cbor_b64_randiv_pad.binvec.parquet
Processing /users/lenders/pivot-eval/output_dataset/coaps-d2_json_dns_cbor_b64.training.csv.gz
Created /users/lenders/pivot-eval/output_dataset/coaps-d2_json_dns_cbor_b64.binvec.parquet
Processing /users/lenders/pivot-eval/output_dataset/oscore-d1_json_dns_cbor_b64.training.csv.gz
Created /users/lenders/pivot-eval/output_dataset/oscore-d1_json_dns_cbor_b64.binvec.parquet
Processing /users/lenders/pivot-eval/output_dataset/coaps-schc-d1_json_dns_cbor.training.csv.gz
Created /users/lenders/pivot-eval/output_dataset/coaps-schc-d1_json_dns_cbor.binvec.parquet
Processing /users/lenders/pivot-eval/output_dataset/oscore-p1_json_dns_cbor_b64.training.csv.gz
Created /users/lenders/pivot-eval/output_dataset/oscore-p1_json_dns_cbor_b64.binvec.parquet
Processing /users/lenders/pivot-eval/output_dataset/coaps-schc-d1_json_dns_cbor_randiv_pad.training.csv.gz
Created /users/lenders/pivot-eval/output_dataset/coaps-schc-d1_json_dns_cbor_randiv_pad.binvec.parquet
Processing /users/lenders/pivot-eval/output_dataset/oscore-d1_json_dns_cbor_b64_randiv_pad.training.csv.gz
Created /users/lenders/pivot-eval/output_dataset/oscore-d1_json_dns_cbor_b64_randiv_pad.binvec.parquet
Processing /users/lenders/pivot-eval/output_dataset/coaps-p2_json_dns_cbor_b64_randiv_pad.training.csv.gz
Created /users/lenders/pivot-eval/output_dataset/coaps-p2_json_dns_cbor_b64_randiv_pad.binvec.parquet
Processing /users/lenders/pivot-eval/output_dataset/coaps-schc-d2_json_dns_cbor.training.csv.gz
Created /users/lenders/pivot-eval/output_dataset/coaps-schc-d2_json_dns_cbor.binvec.parquet
Processing /users/lenders/pivot-eval/output_dataset/oscore-base-d1_json_dns_cbor.training.csv.gz
Created /users/lenders/pivot-eval/output_dataset/oscore-base-d1_json_dns_cbor.binvec.parquet
Processing /users/lenders/pivot-eval/output_dataset/coaps-schc-d2_json_dns_cbor_randiv_pad.training.csv.gz
Created /users/lenders/pivot-eval/output_dataset/coaps-schc-d2_json_dns_cbor_randiv_pad.binvec.parquet
Processing /users/lenders/pivot-eval/output_dataset/coaps-schc-p1_json_dns_cbor.training.csv.gz
Created /users/lenders/pivot-eval/output_dataset/coaps-schc-p1_json_dns_cbor.binvec.parquet
Processing /users/lenders/pivot-eval/output_dataset/coaps-schc-p1_json_dns_cbor_randiv_pad.training.csv.gz
Created /users/lenders/pivot-eval/output_dataset/coaps-schc-p1_json_dns_cbor_randiv_pad.binvec.parquet
Processing /users/lenders/pivot-eval/output_dataset/coaps-schc-p2_json_dns_cbor.training.csv.gz
Created /users/lenders/pivot-eval/output_dataset/coaps-schc-p2_json_dns_cbor.binvec.parquet
Processing /users/lenders/pivot-eval/output_dataset/oscore-p1_json_dns_cbor_b64_randiv_pad.training.csv.gz
Created /users/lenders/pivot-eval/output_dataset/oscore-p1_json_dns_cbor_b64_randiv_pad.binvec.parquet
Processing /users/lenders/pivot-eval/output_dataset/coaps-schc-p2_json_dns_cbor_randiv_pad.training.csv.gz
Created /users/lenders/pivot-eval/output_dataset/coaps-schc-p2_json_dns_cbor_randiv_pad.binvec.parquet
Processing /users/lenders/pivot-eval/output_dataset/coaps-schc-d1_json_dns_cbor_b64.training.csv.gz
Created /users/lenders/pivot-eval/output_dataset/coaps-schc-d1_json_dns_cbor_b64.binvec.parquet
Processing /users/lenders/pivot-eval/output_dataset/coaps-schc-d2_json_dns_cbor_b64.training.csv.gz
Created /users/lenders/pivot-eval/output_dataset/coaps-schc-d2_json_dns_cbor_b64.binvec.parquet
Processing /users/lenders/pivot-eval/output_dataset/coaps-schc-d1_json_dns_cbor_b64_randiv_pad.training.csv.gz
Created /users/lenders/pivot-eval/output_dataset/coaps-schc-d1_json_dns_cbor_b64_randiv_pad.binvec.parquet
Processing /users/lenders/pivot-eval/output_dataset/coaps-schc-d2_json_dns_cbor_b64_randiv_pad.training.csv.gz
Created /users/lenders/pivot-eval/output_dataset/coaps-schc-d2_json_dns_cbor_b64_randiv_pad.binvec.parquet
Processing /users/lenders/pivot-eval/output_dataset/coaps-schc-p1_json_dns_cbor_b64_randiv_pad.training.csv.gz
Created /users/lenders/pivot-eval/output_dataset/coaps-schc-p1_json_dns_cbor_b64_randiv_pad.binvec.parquet
Processing /users/lenders/pivot-eval/output_dataset/coaps-schc-p1_json_dns_cbor_b64.training.csv.gz
Created /users/lenders/pivot-eval/output_dataset/coaps-schc-p1_json_dns_cbor_b64.binvec.parquet
Processing /users/lenders/pivot-eval/output_dataset/oscore-base-d2_json_dns_cbor.training.csv.gz
Created /users/lenders/pivot-eval/output_dataset/oscore-base-d2_json_dns_cbor.binvec.parquet
Processing /users/lenders/pivot-eval/output_dataset/coaps-schc-p2_json_dns_cbor_b64.training.csv.gz
Created /users/lenders/pivot-eval/output_dataset/coaps-schc-p2_json_dns_cbor_b64.binvec.parquet
Processing /users/lenders/pivot-eval/output_dataset/oscore-schc-d1_json_dns_cbor.training.csv.gz
Created /users/lenders/pivot-eval/output_dataset/oscore-schc-d1_json_dns_cbor.binvec.parquet
Processing /users/lenders/pivot-eval/output_dataset/oscore-base-p1_json_dns_cbor.training.csv.gz
Created /users/lenders/pivot-eval/output_dataset/oscore-base-p1_json_dns_cbor.binvec.parquet
Processing /users/lenders/pivot-eval/output_dataset/oscore-schc-d1_json_dns_cbor_randiv_pad.training.csv.gz
Created /users/lenders/pivot-eval/output_dataset/oscore-schc-d1_json_dns_cbor_randiv_pad.binvec.parquet
Processing /users/lenders/pivot-eval/output_dataset/oscore-schc-d2_json_dns_cbor.training.csv.gz
Created /users/lenders/pivot-eval/output_dataset/oscore-schc-d2_json_dns_cbor.binvec.parquet
Processing /users/lenders/pivot-eval/output_dataset/oscore-schc-d2_json_dns_cbor_randiv_pad.training.csv.gz
Created /users/lenders/pivot-eval/output_dataset/oscore-schc-d2_json_dns_cbor_randiv_pad.binvec.parquet
Processing /users/lenders/pivot-eval/output_dataset/oscore-schc-p1_json_dns_cbor.training.csv.gz
Created /users/lenders/pivot-eval/output_dataset/oscore-schc-p1_json_dns_cbor.binvec.parquet
Processing /users/lenders/pivot-eval/output_dataset/oscore-base-p2_json_dns_cbor.training.csv.gz
Created /users/lenders/pivot-eval/output_dataset/oscore-base-p2_json_dns_cbor.binvec.parquet
Processing /users/lenders/pivot-eval/output_dataset/coaps-schc-p2_json_dns_cbor_b64_randiv_pad.training.csv.gz
Created /users/lenders/pivot-eval/output_dataset/coaps-schc-p2_json_dns_cbor_b64_randiv_pad.binvec.parquet
Processing /users/lenders/pivot-eval/output_dataset/oscore-schc-p1_json_dns_cbor_randiv_pad.training.csv.gz
Created /users/lenders/pivot-eval/output_dataset/oscore-schc-p1_json_dns_cbor_randiv_pad.binvec.parquet
Processing /users/lenders/pivot-eval/output_dataset/oscore-schc-p2_json_dns_cbor.training.csv.gz
Created /users/lenders/pivot-eval/output_dataset/oscore-schc-p2_json_dns_cbor.binvec.parquet
Processing /users/lenders/pivot-eval/output_dataset/oscore-schc-p2_json_dns_cbor_randiv_pad.training.csv.gz
Created /users/lenders/pivot-eval/output_dataset/oscore-schc-p2_json_dns_cbor_randiv_pad.binvec.parquet
Processing /users/lenders/pivot-eval/output_dataset/oscore-p2_json_dns_cbor_b64.training.csv.gz
Created /users/lenders/pivot-eval/output_dataset/oscore-p2_json_dns_cbor_b64.binvec.parquet
Processing /users/lenders/pivot-eval/output_dataset/oscore-base-schc-d1_json_dns_cbor.training.csv.gz
Created /users/lenders/pivot-eval/output_dataset/oscore-base-schc-d1_json_dns_cbor.binvec.parquet
Processing /users/lenders/pivot-eval/output_dataset/oscore-schc-d1_json_dns_cbor_b64.training.csv.gz
Created /users/lenders/pivot-eval/output_dataset/oscore-schc-d1_json_dns_cbor_b64.binvec.parquet
Processing /users/lenders/pivot-eval/output_dataset/oscore-base-schc-d2_json_dns_cbor.training.csv.gz
Created /users/lenders/pivot-eval/output_dataset/oscore-base-schc-d2_json_dns_cbor.binvec.parquet
Processing /users/lenders/pivot-eval/output_dataset/oscore-schc-d2_json_dns_cbor_b64.training.csv.gz
Created /users/lenders/pivot-eval/output_dataset/oscore-schc-d2_json_dns_cbor_b64.binvec.parquet
Processing /users/lenders/pivot-eval/output_dataset/oscore-schc-d1_json_dns_cbor_b64_randiv_pad.training.csv.gz
Created /users/lenders/pivot-eval/output_dataset/oscore-schc-d1_json_dns_cbor_b64_randiv_pad.binvec.parquet
Processing /users/lenders/pivot-eval/output_dataset/oscore-base-schc-p1_json_dns_cbor.training.csv.gz
Created /users/lenders/pivot-eval/output_dataset/oscore-base-schc-p1_json_dns_cbor.binvec.parquet
Processing /users/lenders/pivot-eval/output_dataset/oscore-schc-d2_json_dns_cbor_b64_randiv_pad.training.csv.gz
Created /users/lenders/pivot-eval/output_dataset/oscore-schc-d2_json_dns_cbor_b64_randiv_pad.binvec.parquet
Processing /users/lenders/pivot-eval/output_dataset/oscore-p2_json_dns_cbor_b64_randiv_pad.training.csv.gz
Created /users/lenders/pivot-eval/output_dataset/oscore-p2_json_dns_cbor_b64_randiv_pad.binvec.parquet
Processing /users/lenders/pivot-eval/output_dataset/oscore-schc-p1_json_dns_cbor_b64.training.csv.gz
Created /users/lenders/pivot-eval/output_dataset/oscore-schc-p1_json_dns_cbor_b64.binvec.parquet
Processing /users/lenders/pivot-eval/output_dataset/oscore-base-schc-p2_json_dns_cbor.training.csv.gz
Created /users/lenders/pivot-eval/output_dataset/oscore-base-schc-p2_json_dns_cbor.binvec.parquet
Processing /users/lenders/pivot-eval/output_dataset/oscore-schc-p2_json_dns_cbor_b64_randiv_pad.training.csv.gz
Created /users/lenders/pivot-eval/output_dataset/oscore-schc-p2_json_dns_cbor_b64_randiv_pad.binvec.parquet
Processing /users/lenders/pivot-eval/output_dataset/oscore-schc-p2_json_dns_cbor_b64.training.csv.gz
Created /users/lenders/pivot-eval/output_dataset/oscore-schc-p2_json_dns_cbor_b64.binvec.parquet
Processing /users/lenders/pivot-eval/output_dataset/oscore-schc-p1_json_dns_cbor_b64_randiv_pad.training.csv.gz
Created /users/lenders/pivot-eval/output_dataset/oscore-schc-p1_json_dns_cbor_b64_randiv_pad.binvec.parquet
Processing /users/lenders/pivot-eval/output_dataset/coaps-schc-d2-min-rules_json_dns_cbor.training.csv.gz
Created /users/lenders/pivot-eval/output_dataset/coaps-schc-d2-min-rules_json_dns_cbor.binvec.parquet
Processing /users/lenders/pivot-eval/output_dataset/coaps-schc-d2-min-rules_json_dns_cbor_randiv_pad.training.csv.gz
Created /users/lenders/pivot-eval/output_dataset/coaps-schc-d2-min-rules_json_dns_cbor_randiv_pad.binvec.parquet
Processing /users/lenders/pivot-eval/output_dataset/oscore-schc-d2-min-rules_json_dns_cbor.training.csv.gz
Created /users/lenders/pivot-eval/output_dataset/oscore-schc-d2-min-rules_json_dns_cbor.binvec.parquet
Processing /users/lenders/pivot-eval/output_dataset/oscore-base-schc-p1_json_dns_cbor_b64.training.csv.gz
Created /users/lenders/pivot-eval/output_dataset/oscore-base-schc-p1_json_dns_cbor_b64.binvec.parquet
Processing /users/lenders/pivot-eval/output_dataset/oscore-base-schc-p2_json_dns_cbor_b64.training.csv.gz
Created /users/lenders/pivot-eval/output_dataset/oscore-base-schc-p2_json_dns_cbor_b64.binvec.parquet
Processing /users/lenders/pivot-eval/output_dataset/oscore-schc-d2-min-rules_json_dns_cbor_randiv_pad.training.csv.gz
Created /users/lenders/pivot-eval/output_dataset/oscore-schc-d2-min-rules_json_dns_cbor_randiv_pad.binvec.parquet
Processing /users/lenders/pivot-eval/output_dataset/oscore-base-schc-d1_json_dns_cbor_b64.training.csv.gz
Created /users/lenders/pivot-eval/output_dataset/oscore-base-schc-d1_json_dns_cbor_b64.binvec.parquet
Processing /users/lenders/pivot-eval/output_dataset/oscore-base-schc-d2_json_dns_cbor_b64.training.csv.gz
Created /users/lenders/pivot-eval/output_dataset/oscore-base-schc-d2_json_dns_cbor_b64.binvec.parquet
Processing /users/lenders/pivot-eval/output_dataset/oscore-base-schc-d2-min-rules_json_dns_cbor.training.csv.gz
Created /users/lenders/pivot-eval/output_dataset/oscore-base-schc-d2-min-rules_json_dns_cbor.binvec.parquet
Processing /users/lenders/pivot-eval/output_dataset/coaps-schc-d2-min-rules_json_dns_cbor_b64.training.csv.gz
Created /users/lenders/pivot-eval/output_dataset/coaps-schc-d2-min-rules_json_dns_cbor_b64.binvec.parquet
Processing /users/lenders/pivot-eval/output_dataset/oscore-base-schc-p2-min-rules_json_dns_cbor.training.csv.gz
Created /users/lenders/pivot-eval/output_dataset/oscore-base-schc-p2-min-rules_json_dns_cbor.binvec.parquet
Processing /users/lenders/pivot-eval/output_dataset/coaps-schc-d2-min-rules_json_dns_cbor_b64_randiv_pad.training.csv.gz
Created /users/lenders/pivot-eval/output_dataset/coaps-schc-d2-min-rules_json_dns_cbor_b64_randiv_pad.binvec.parquet
Processing /users/lenders/pivot-eval/output_dataset/coaps-schc-d2-peer-based_json_dns_cbor.training.csv.gz
Created /users/lenders/pivot-eval/output_dataset/coaps-schc-d2-peer-based_json_dns_cbor.binvec.parquet
Processing /users/lenders/pivot-eval/output_dataset/oscore-schc-d2-min-rules_json_dns_cbor_b64.training.csv.gz
Created /users/lenders/pivot-eval/output_dataset/oscore-schc-d2-min-rules_json_dns_cbor_b64.binvec.parquet
Processing /users/lenders/pivot-eval/output_dataset/coaps-schc-d2-peer-based_json_dns_cbor_randiv_pad.training.csv.gz
Created /users/lenders/pivot-eval/output_dataset/coaps-schc-d2-peer-based_json_dns_cbor_randiv_pad.binvec.parquet
Processing /users/lenders/pivot-eval/output_dataset/oscore-schc-d2-min-rules_json_dns_cbor_b64_randiv_pad.training.csv.gz
Created /users/lenders/pivot-eval/output_dataset/oscore-schc-d2-min-rules_json_dns_cbor_b64_randiv_pad.binvec.parquet
Processing /users/lenders/pivot-eval/output_dataset/oscore-schc-d2-peer-based_json_dns_cbor.training.csv.gz
Created /users/lenders/pivot-eval/output_dataset/oscore-schc-d2-peer-based_json_dns_cbor.binvec.parquet
Processing /users/lenders/pivot-eval/output_dataset/oscore-schc-d2-peer-based_json_dns_cbor_randiv_pad.training.csv.gz
Created /users/lenders/pivot-eval/output_dataset/oscore-schc-d2-peer-based_json_dns_cbor_randiv_pad.binvec.parquet
Processing /users/lenders/pivot-eval/output_dataset/oscore-base-schc-p2-min-rules_json_dns_cbor_b64.training.csv.gz
Created /users/lenders/pivot-eval/output_dataset/oscore-base-schc-p2-min-rules_json_dns_cbor_b64.binvec.parquet
Processing /users/lenders/pivot-eval/output_dataset/oscore-base-d2_json_dns_cbor_b64.training.csv.gz
Created /users/lenders/pivot-eval/output_dataset/oscore-base-d2_json_dns_cbor_b64.binvec.parquet
Processing /users/lenders/pivot-eval/output_dataset/oscore-base-schc-d2-min-rules_json_dns_cbor_b64.training.csv.gz
Created /users/lenders/pivot-eval/output_dataset/oscore-base-schc-d2-min-rules_json_dns_cbor_b64.binvec.parquet
Processing /users/lenders/pivot-eval/output_dataset/oscore-base-schc-d2-peer-based_json_dns_cbor.training.csv.gz
Created /users/lenders/pivot-eval/output_dataset/oscore-base-schc-d2-peer-based_json_dns_cbor.binvec.parquet
Processing /users/lenders/pivot-eval/output_dataset/oscore-base-d1_json_dns_cbor_b64.training.csv.gz
Created /users/lenders/pivot-eval/output_dataset/oscore-base-d1_json_dns_cbor_b64.binvec.parquet
Processing /users/lenders/pivot-eval/output_dataset/coaps-schc-d2-peer-based_json_dns_cbor_b64.training.csv.gz
Created /users/lenders/pivot-eval/output_dataset/coaps-schc-d2-peer-based_json_dns_cbor_b64.binvec.parquet
Processing /users/lenders/pivot-eval/output_dataset/coaps-schc-d2-peer-based_json_dns_cbor_b64_randiv_pad.training.csv.gz
Created /users/lenders/pivot-eval/output_dataset/coaps-schc-d2-peer-based_json_dns_cbor_b64_randiv_pad.binvec.parquet
Processing /users/lenders/pivot-eval/output_dataset/oscore-schc-d2-peer-based_json_dns_cbor_b64.training.csv.gz
Created /users/lenders/pivot-eval/output_dataset/oscore-schc-d2-peer-based_json_dns_cbor_b64.binvec.parquet
Processing /users/lenders/pivot-eval/output_dataset/oscore-schc-d2-peer-based_json_dns_cbor_b64_randiv_pad.training.csv.gz
Created /users/lenders/pivot-eval/output_dataset/oscore-schc-d2-peer-based_json_dns_cbor_b64_randiv_pad.binvec.parquet
Processing /users/lenders/pivot-eval/output_dataset/oscore-base-schc-d2-peer-based_json_dns_cbor_b64.training.csv.gz
Created /users/lenders/pivot-eval/output_dataset/oscore-base-schc-d2-peer-based_json_dns_cbor_b64.binvec.parquet
Processing /users/lenders/pivot-eval/output_dataset/coap-p2_cbor_dns_message.training.csv.gz
Created /users/lenders/pivot-eval/output_dataset/coap-p2_cbor_dns_message.binvec.parquet
Processing /users/lenders/pivot-eval/output_dataset/coap-p1_cbor_dns_message.training.csv.gz
Created /users/lenders/pivot-eval/output_dataset/coap-p1_cbor_dns_message.binvec.parquet
Processing /users/lenders/pivot-eval/output_dataset/coap-d1_cbor_dns_message.training.csv.gz
Created /users/lenders/pivot-eval/output_dataset/coap-d1_cbor_dns_message.binvec.parquet
Processing /users/lenders/pivot-eval/output_dataset/coap-d2_cbor_dns_message.training.csv.gz
Created /users/lenders/pivot-eval/output_dataset/coap-d2_cbor_dns_message.binvec.parquet
Processing /users/lenders/pivot-eval/output_dataset/coaps-d1_cbor_dns_message_randiv_pad.training.csv.gz
Created /users/lenders/pivot-eval/output_dataset/coaps-d1_cbor_dns_message_randiv_pad.binvec.parquet
Processing /users/lenders/pivot-eval/output_dataset/coaps-d1_cbor_dns_message.training.csv.gz
Created /users/lenders/pivot-eval/output_dataset/coaps-d1_cbor_dns_message.binvec.parquet
Processing /users/lenders/pivot-eval/output_dataset/oscore-base-p1_json_dns_cbor_b64.training.csv.gz
Created /users/lenders/pivot-eval/output_dataset/oscore-base-p1_json_dns_cbor_b64.binvec.parquet
Processing /users/lenders/pivot-eval/output_dataset/oscore-base-p2_json_dns_cbor_b64.training.csv.gz
Created /users/lenders/pivot-eval/output_dataset/oscore-base-p2_json_dns_cbor_b64.binvec.parquet
Processing /users/lenders/pivot-eval/output_dataset/https-d2_cbor_dns_message.training.csv.gz
Created /users/lenders/pivot-eval/output_dataset/https-d2_cbor_dns_message.binvec.parquet
Processing /users/lenders/pivot-eval/output_dataset/https-d1_cbor_dns_message.training.csv.gz
Created /users/lenders/pivot-eval/output_dataset/https-d1_cbor_dns_message.binvec.parquet
Processing /users/lenders/pivot-eval/output_dataset/https-p2_cbor_dns_message.training.csv.gz
Created /users/lenders/pivot-eval/output_dataset/https-p2_cbor_dns_message.binvec.parquet
Processing /users/lenders/pivot-eval/output_dataset/https-p1_cbor_dns_message.training.csv.gz
Created /users/lenders/pivot-eval/output_dataset/https-p1_cbor_dns_message.binvec.parquet
Processing /users/lenders/pivot-eval/output_dataset/coaps-d2_cbor_dns_message_randiv_pad.training.csv.gz
Created /users/lenders/pivot-eval/output_dataset/coaps-d2_cbor_dns_message_randiv_pad.binvec.parquet
Processing /users/lenders/pivot-eval/output_dataset/coap-d1_cbor_dns_message_b64.training.csv.gz
Created /users/lenders/pivot-eval/output_dataset/coap-d1_cbor_dns_message_b64.binvec.parquet
Processing /users/lenders/pivot-eval/output_dataset/coaps-p1_cbor_dns_message.training.csv.gz
Created /users/lenders/pivot-eval/output_dataset/coaps-p1_cbor_dns_message.binvec.parquet
Processing /users/lenders/pivot-eval/output_dataset/coaps-d2_cbor_dns_message.training.csv.gz
Created /users/lenders/pivot-eval/output_dataset/coaps-d2_cbor_dns_message.binvec.parquet
Processing /users/lenders/pivot-eval/output_dataset/coaps-p1_cbor_dns_message_randiv_pad.training.csv.gz
Created /users/lenders/pivot-eval/output_dataset/coaps-p1_cbor_dns_message_randiv_pad.binvec.parquet
Processing /users/lenders/pivot-eval/output_dataset/coap-d2_cbor_dns_message_b64.training.csv.gz
Created /users/lenders/pivot-eval/output_dataset/coap-d2_cbor_dns_message_b64.binvec.parquet
Processing /users/lenders/pivot-eval/output_dataset/coaps-p2_cbor_dns_message.training.csv.gz
Created /users/lenders/pivot-eval/output_dataset/coaps-p2_cbor_dns_message.binvec.parquet
Processing /users/lenders/pivot-eval/output_dataset/coaps-p2_cbor_dns_message_randiv_pad.training.csv.gz
Created /users/lenders/pivot-eval/output_dataset/coaps-p2_cbor_dns_message_randiv_pad.binvec.parquet
Processing /users/lenders/pivot-eval/output_dataset/oscore-d2_cbor_dns_message.training.csv.gz
Created /users/lenders/pivot-eval/output_dataset/oscore-d2_cbor_dns_message.binvec.parquet
Processing /users/lenders/pivot-eval/output_dataset/oscore-d2_cbor_dns_message_randiv_pad.training.csv.gz
Created /users/lenders/pivot-eval/output_dataset/oscore-d2_cbor_dns_message_randiv_pad.binvec.parquet
Processing /users/lenders/pivot-eval/output_dataset/oscore-d1_cbor_dns_message.training.csv.gz
Created /users/lenders/pivot-eval/output_dataset/oscore-d1_cbor_dns_message.binvec.parquet
Processing /users/lenders/pivot-eval/output_dataset/oscore-p1_cbor_dns_message_randiv_pad.training.csv.gz
Created /users/lenders/pivot-eval/output_dataset/oscore-p1_cbor_dns_message_randiv_pad.binvec.parquet
Processing /users/lenders/pivot-eval/output_dataset/oscore-p1_cbor_dns_message.training.csv.gz
Created /users/lenders/pivot-eval/output_dataset/oscore-p1_cbor_dns_message.binvec.parquet
Processing /users/lenders/pivot-eval/output_dataset/oscore-d1_cbor_dns_message_randiv_pad.training.csv.gz
Created /users/lenders/pivot-eval/output_dataset/oscore-d1_cbor_dns_message_randiv_pad.binvec.parquet
Processing /users/lenders/pivot-eval/output_dataset/coap-p2_cbor_dns_message_b64.training.csv.gz
Created /users/lenders/pivot-eval/output_dataset/coap-p2_cbor_dns_message_b64.binvec.parquet
Processing /users/lenders/pivot-eval/output_dataset/coap-p1_cbor_dns_message_b64.training.csv.gz
Created /users/lenders/pivot-eval/output_dataset/coap-p1_cbor_dns_message_b64.binvec.parquet
Processing /users/lenders/pivot-eval/output_dataset/oscore-p2_cbor_dns_message.training.csv.gz
Created /users/lenders/pivot-eval/output_dataset/oscore-p2_cbor_dns_message.binvec.parquet
Processing /users/lenders/pivot-eval/output_dataset/oscore-p2_cbor_dns_message_randiv_pad.training.csv.gz
Created /users/lenders/pivot-eval/output_dataset/oscore-p2_cbor_dns_message_randiv_pad.binvec.parquet
Processing /users/lenders/pivot-eval/output_dataset/coaps-d1_cbor_dns_message_b64_randiv_pad.training.csv.gz
Created /users/lenders/pivot-eval/output_dataset/coaps-d1_cbor_dns_message_b64_randiv_pad.binvec.parquet
Processing /users/lenders/pivot-eval/output_dataset/coaps-d1_cbor_dns_message_b64.training.csv.gz
Created /users/lenders/pivot-eval/output_dataset/coaps-d1_cbor_dns_message_b64.binvec.parquet
Processing /users/lenders/pivot-eval/output_dataset/coaps-p2_cbor_dns_message_b64_randiv_pad.training.csv.gz
Created /users/lenders/pivot-eval/output_dataset/coaps-p2_cbor_dns_message_b64_randiv_pad.binvec.parquet
Processing /users/lenders/pivot-eval/output_dataset/coaps-d2_cbor_dns_message_b64_randiv_pad.training.csv.gz
Created /users/lenders/pivot-eval/output_dataset/coaps-d2_cbor_dns_message_b64_randiv_pad.binvec.parquet
Processing /users/lenders/pivot-eval/output_dataset/oscore-d2_cbor_dns_message_b64.training.csv.gz
Created /users/lenders/pivot-eval/output_dataset/oscore-d2_cbor_dns_message_b64.binvec.parquet
Processing /users/lenders/pivot-eval/output_dataset/coaps-p1_cbor_dns_message_b64_randiv_pad.training.csv.gz
Created /users/lenders/pivot-eval/output_dataset/coaps-p1_cbor_dns_message_b64_randiv_pad.binvec.parquet
Processing /users/lenders/pivot-eval/output_dataset/oscore-d2_cbor_dns_message_b64_randiv_pad.training.csv.gz
Created /users/lenders/pivot-eval/output_dataset/oscore-d2_cbor_dns_message_b64_randiv_pad.binvec.parquet
Processing /users/lenders/pivot-eval/output_dataset/coaps-d2_cbor_dns_message_b64.training.csv.gz
Created /users/lenders/pivot-eval/output_dataset/coaps-d2_cbor_dns_message_b64.binvec.parquet
Processing /users/lenders/pivot-eval/output_dataset/coaps-p1_cbor_dns_message_b64.training.csv.gz
Created /users/lenders/pivot-eval/output_dataset/coaps-p1_cbor_dns_message_b64.binvec.parquet
Processing /users/lenders/pivot-eval/output_dataset/oscore-d1_cbor_dns_message_b64_randiv_pad.training.csv.gz
Created /users/lenders/pivot-eval/output_dataset/oscore-d1_cbor_dns_message_b64_randiv_pad.binvec.parquet
Processing /users/lenders/pivot-eval/output_dataset/coaps-p2_cbor_dns_message_b64.training.csv.gz
Created /users/lenders/pivot-eval/output_dataset/coaps-p2_cbor_dns_message_b64.binvec.parquet
Processing /users/lenders/pivot-eval/output_dataset/oscore-d1_cbor_dns_message_b64.training.csv.gz
Created /users/lenders/pivot-eval/output_dataset/oscore-d1_cbor_dns_message_b64.binvec.parquet
Processing /users/lenders/pivot-eval/output_dataset/coaps-schc-d1_cbor_dns_message.training.csv.gz
Created /users/lenders/pivot-eval/output_dataset/coaps-schc-d1_cbor_dns_message.binvec.parquet
Processing /users/lenders/pivot-eval/output_dataset/coaps-schc-d1_cbor_dns_message_randiv_pad.training.csv.gz
Created /users/lenders/pivot-eval/output_dataset/coaps-schc-d1_cbor_dns_message_randiv_pad.binvec.parquet
Processing /users/lenders/pivot-eval/output_dataset/coaps-schc-d2_cbor_dns_message.training.csv.gz
Created /users/lenders/pivot-eval/output_dataset/coaps-schc-d2_cbor_dns_message.binvec.parquet
Processing /users/lenders/pivot-eval/output_dataset/coaps-schc-d2_cbor_dns_message_randiv_pad.training.csv.gz
Created /users/lenders/pivot-eval/output_dataset/coaps-schc-d2_cbor_dns_message_randiv_pad.binvec.parquet
Processing /users/lenders/pivot-eval/output_dataset/coaps-schc-p1_cbor_dns_message.training.csv.gz
Created /users/lenders/pivot-eval/output_dataset/coaps-schc-p1_cbor_dns_message.binvec.parquet
Processing /users/lenders/pivot-eval/output_dataset/coaps-schc-p1_cbor_dns_message_randiv_pad.training.csv.gz
Created /users/lenders/pivot-eval/output_dataset/coaps-schc-p1_cbor_dns_message_randiv_pad.binvec.parquet
Processing /users/lenders/pivot-eval/output_dataset/coaps-schc-p2_cbor_dns_message.training.csv.gz
Created /users/lenders/pivot-eval/output_dataset/coaps-schc-p2_cbor_dns_message.binvec.parquet
Processing /users/lenders/pivot-eval/output_dataset/oscore-p1_cbor_dns_message_b64_randiv_pad.training.csv.gz
Created /users/lenders/pivot-eval/output_dataset/oscore-p1_cbor_dns_message_b64_randiv_pad.binvec.parquet
Processing /users/lenders/pivot-eval/output_dataset/oscore-base-d1_cbor_dns_message.training.csv.gz
Created /users/lenders/pivot-eval/output_dataset/oscore-base-d1_cbor_dns_message.binvec.parquet
Processing /users/lenders/pivot-eval/output_dataset/coaps-schc-p2_cbor_dns_message_randiv_pad.training.csv.gz
Created /users/lenders/pivot-eval/output_dataset/coaps-schc-p2_cbor_dns_message_randiv_pad.binvec.parquet
Processing /users/lenders/pivot-eval/output_dataset/oscore-base-d2_cbor_dns_message.training.csv.gz
Created /users/lenders/pivot-eval/output_dataset/oscore-base-d2_cbor_dns_message.binvec.parquet
Processing /users/lenders/pivot-eval/output_dataset/oscore-p1_cbor_dns_message_b64.training.csv.gz
Created /users/lenders/pivot-eval/output_dataset/oscore-p1_cbor_dns_message_b64.binvec.parquet
Processing /users/lenders/pivot-eval/output_dataset/oscore-base-p1_cbor_dns_message.training.csv.gz
Created /users/lenders/pivot-eval/output_dataset/oscore-base-p1_cbor_dns_message.binvec.parquet
Processing /users/lenders/pivot-eval/output_dataset/coaps-schc-d1_cbor_dns_message_b64.training.csv.gz
Created /users/lenders/pivot-eval/output_dataset/coaps-schc-d1_cbor_dns_message_b64.binvec.parquet
Processing /users/lenders/pivot-eval/output_dataset/coaps-schc-d1_cbor_dns_message_b64_randiv_pad.training.csv.gz
Created /users/lenders/pivot-eval/output_dataset/coaps-schc-d1_cbor_dns_message_b64_randiv_pad.binvec.parquet
Processing /users/lenders/pivot-eval/output_dataset/coaps-schc-d2_cbor_dns_message_b64_randiv_pad.training.csv.gz
Created /users/lenders/pivot-eval/output_dataset/coaps-schc-d2_cbor_dns_message_b64_randiv_pad.binvec.parquet
Processing /users/lenders/pivot-eval/output_dataset/coaps-schc-p1_cbor_dns_message_b64.training.csv.gz
Created /users/lenders/pivot-eval/output_dataset/coaps-schc-p1_cbor_dns_message_b64.binvec.parquet
Processing /users/lenders/pivot-eval/output_dataset/coaps-schc-d2_cbor_dns_message_b64.training.csv.gz
Created /users/lenders/pivot-eval/output_dataset/coaps-schc-d2_cbor_dns_message_b64.binvec.parquet
Processing /users/lenders/pivot-eval/output_dataset/coaps-schc-p1_cbor_dns_message_b64_randiv_pad.training.csv.gz
Created /users/lenders/pivot-eval/output_dataset/coaps-schc-p1_cbor_dns_message_b64_randiv_pad.binvec.parquet
Processing /users/lenders/pivot-eval/output_dataset/oscore-schc-d1_cbor_dns_message.training.csv.gz
Created /users/lenders/pivot-eval/output_dataset/oscore-schc-d1_cbor_dns_message.binvec.parquet
Processing /users/lenders/pivot-eval/output_dataset/coaps-schc-p2_cbor_dns_message_b64.training.csv.gz
Created /users/lenders/pivot-eval/output_dataset/coaps-schc-p2_cbor_dns_message_b64.binvec.parquet
Processing /users/lenders/pivot-eval/output_dataset/oscore-schc-d1_cbor_dns_message_randiv_pad.training.csv.gz
Created /users/lenders/pivot-eval/output_dataset/oscore-schc-d1_cbor_dns_message_randiv_pad.binvec.parquet
Processing /users/lenders/pivot-eval/output_dataset/coaps-schc-p2_cbor_dns_message_b64_randiv_pad.training.csv.gz
Created /users/lenders/pivot-eval/output_dataset/coaps-schc-p2_cbor_dns_message_b64_randiv_pad.binvec.parquet
Processing /users/lenders/pivot-eval/output_dataset/oscore-schc-d2_cbor_dns_message.training.csv.gz
Created /users/lenders/pivot-eval/output_dataset/oscore-schc-d2_cbor_dns_message.binvec.parquet
Processing /users/lenders/pivot-eval/output_dataset/oscore-schc-d2_cbor_dns_message_randiv_pad.training.csv.gz
Created /users/lenders/pivot-eval/output_dataset/oscore-schc-d2_cbor_dns_message_randiv_pad.binvec.parquet
Processing /users/lenders/pivot-eval/output_dataset/oscore-schc-p1_cbor_dns_message.training.csv.gz
Created /users/lenders/pivot-eval/output_dataset/oscore-schc-p1_cbor_dns_message.binvec.parquet
Processing /users/lenders/pivot-eval/output_dataset/oscore-schc-p1_cbor_dns_message_randiv_pad.training.csv.gz
Created /users/lenders/pivot-eval/output_dataset/oscore-schc-p1_cbor_dns_message_randiv_pad.binvec.parquet
Processing /users/lenders/pivot-eval/output_dataset/oscore-base-p2_cbor_dns_message.training.csv.gz
Created /users/lenders/pivot-eval/output_dataset/oscore-base-p2_cbor_dns_message.binvec.parquet
Processing /users/lenders/pivot-eval/output_dataset/oscore-p2_cbor_dns_message_b64.training.csv.gz
Created /users/lenders/pivot-eval/output_dataset/oscore-p2_cbor_dns_message_b64.binvec.parquet
Processing /users/lenders/pivot-eval/output_dataset/oscore-schc-p2_cbor_dns_message.training.csv.gz
Created /users/lenders/pivot-eval/output_dataset/oscore-schc-p2_cbor_dns_message.binvec.parquet
Processing /users/lenders/pivot-eval/output_dataset/oscore-schc-p2_cbor_dns_message_randiv_pad.training.csv.gz
Created /users/lenders/pivot-eval/output_dataset/oscore-schc-p2_cbor_dns_message_randiv_pad.binvec.parquet
Processing /users/lenders/pivot-eval/output_dataset/oscore-p2_cbor_dns_message_b64_randiv_pad.training.csv.gz
Created /users/lenders/pivot-eval/output_dataset/oscore-p2_cbor_dns_message_b64_randiv_pad.binvec.parquet
Processing /users/lenders/pivot-eval/output_dataset/oscore-base-schc-d1_cbor_dns_message.training.csv.gz
Created /users/lenders/pivot-eval/output_dataset/oscore-base-schc-d1_cbor_dns_message.binvec.parquet
Processing /users/lenders/pivot-eval/output_dataset/oscore-base-schc-d2_cbor_dns_message.training.csv.gz
Created /users/lenders/pivot-eval/output_dataset/oscore-base-schc-d2_cbor_dns_message.binvec.parquet
Processing /users/lenders/pivot-eval/output_dataset/oscore-base-schc-p1_cbor_dns_message.training.csv.gz
Created /users/lenders/pivot-eval/output_dataset/oscore-base-schc-p1_cbor_dns_message.binvec.parquet
Processing /users/lenders/pivot-eval/output_dataset/oscore-base-schc-p2_cbor_dns_message.training.csv.gz
Created /users/lenders/pivot-eval/output_dataset/oscore-base-schc-p2_cbor_dns_message.binvec.parquet
Processing /users/lenders/pivot-eval/output_dataset/oscore-schc-d1_cbor_dns_message_b64.training.csv.gz
Created /users/lenders/pivot-eval/output_dataset/oscore-schc-d1_cbor_dns_message_b64.binvec.parquet
Processing /users/lenders/pivot-eval/output_dataset/oscore-schc-d2_cbor_dns_message_b64.training.csv.gz
Created /users/lenders/pivot-eval/output_dataset/oscore-schc-d2_cbor_dns_message_b64.binvec.parquet
Processing /users/lenders/pivot-eval/output_dataset/oscore-schc-d2_cbor_dns_message_b64_randiv_pad.training.csv.gz
Created /users/lenders/pivot-eval/output_dataset/oscore-schc-d2_cbor_dns_message_b64_randiv_pad.binvec.parquet
Processing /users/lenders/pivot-eval/output_dataset/oscore-schc-d1_cbor_dns_message_b64_randiv_pad.training.csv.gz
Created /users/lenders/pivot-eval/output_dataset/oscore-schc-d1_cbor_dns_message_b64_randiv_pad.binvec.parquet
Processing /users/lenders/pivot-eval/output_dataset/oscore-schc-p1_cbor_dns_message_b64.training.csv.gz
Created /users/lenders/pivot-eval/output_dataset/oscore-schc-p1_cbor_dns_message_b64.binvec.parquet
Processing /users/lenders/pivot-eval/output_dataset/oscore-schc-p1_cbor_dns_message_b64_randiv_pad.training.csv.gz
Created /users/lenders/pivot-eval/output_dataset/oscore-schc-p1_cbor_dns_message_b64_randiv_pad.binvec.parquet
Processing /users/lenders/pivot-eval/output_dataset/oscore-schc-p2_cbor_dns_message_b64.training.csv.gz
Created /users/lenders/pivot-eval/output_dataset/oscore-schc-p2_cbor_dns_message_b64.binvec.parquet
Processing /users/lenders/pivot-eval/output_dataset/oscore-schc-p2_cbor_dns_message_b64_randiv_pad.training.csv.gz
Created /users/lenders/pivot-eval/output_dataset/oscore-schc-p2_cbor_dns_message_b64_randiv_pad.binvec.parquet
Processing /users/lenders/pivot-eval/output_dataset/coaps-schc-d2-min-rules_cbor_dns_message_randiv_pad.training.csv.gz
Created /users/lenders/pivot-eval/output_dataset/coaps-schc-d2-min-rules_cbor_dns_message_randiv_pad.binvec.parquet
Processing /users/lenders/pivot-eval/output_dataset/coaps-schc-d2-min-rules_cbor_dns_message.training.csv.gz
Created /users/lenders/pivot-eval/output_dataset/coaps-schc-d2-min-rules_cbor_dns_message.binvec.parquet
Processing /users/lenders/pivot-eval/output_dataset/oscore-schc-d2-min-rules_cbor_dns_message.training.csv.gz
Created /users/lenders/pivot-eval/output_dataset/oscore-schc-d2-min-rules_cbor_dns_message.binvec.parquet
Processing /users/lenders/pivot-eval/output_dataset/oscore-base-schc-p1_cbor_dns_message_b64.training.csv.gz
Created /users/lenders/pivot-eval/output_dataset/oscore-base-schc-p1_cbor_dns_message_b64.binvec.parquet
Processing /users/lenders/pivot-eval/output_dataset/oscore-schc-d2-min-rules_cbor_dns_message_randiv_pad.training.csv.gz
Created /users/lenders/pivot-eval/output_dataset/oscore-schc-d2-min-rules_cbor_dns_message_randiv_pad.binvec.parquet
Processing /users/lenders/pivot-eval/output_dataset/oscore-base-schc-d1_cbor_dns_message_b64.training.csv.gz
Created /users/lenders/pivot-eval/output_dataset/oscore-base-schc-d1_cbor_dns_message_b64.binvec.parquet
Processing /users/lenders/pivot-eval/output_dataset/oscore-base-schc-p2_cbor_dns_message_b64.training.csv.gz
Created /users/lenders/pivot-eval/output_dataset/oscore-base-schc-p2_cbor_dns_message_b64.binvec.parquet
Processing /users/lenders/pivot-eval/output_dataset/oscore-base-schc-d2_cbor_dns_message_b64.training.csv.gz
Created /users/lenders/pivot-eval/output_dataset/oscore-base-schc-d2_cbor_dns_message_b64.binvec.parquet
Processing /users/lenders/pivot-eval/output_dataset/coaps-schc-d2-min-rules_cbor_dns_message_b64.training.csv.gz
Created /users/lenders/pivot-eval/output_dataset/coaps-schc-d2-min-rules_cbor_dns_message_b64.binvec.parquet
Processing /users/lenders/pivot-eval/output_dataset/oscore-base-schc-d2-min-rules_cbor_dns_message.training.csv.gz
Created /users/lenders/pivot-eval/output_dataset/oscore-base-schc-d2-min-rules_cbor_dns_message.binvec.parquet
Processing /users/lenders/pivot-eval/output_dataset/oscore-base-schc-p2-min-rules_cbor_dns_message.training.csv.gz
Created /users/lenders/pivot-eval/output_dataset/oscore-base-schc-p2-min-rules_cbor_dns_message.binvec.parquet
Processing /users/lenders/pivot-eval/output_dataset/coaps-schc-d2-min-rules_cbor_dns_message_b64_randiv_pad.training.csv.gz
Created /users/lenders/pivot-eval/output_dataset/coaps-schc-d2-min-rules_cbor_dns_message_b64_randiv_pad.binvec.parquet
Processing /users/lenders/pivot-eval/output_dataset/coaps-schc-d2-peer-based_cbor_dns_message.training.csv.gz
Created /users/lenders/pivot-eval/output_dataset/coaps-schc-d2-peer-based_cbor_dns_message.binvec.parquet
Processing /users/lenders/pivot-eval/output_dataset/coaps-schc-d2-peer-based_cbor_dns_message_randiv_pad.training.csv.gz
Created /users/lenders/pivot-eval/output_dataset/coaps-schc-d2-peer-based_cbor_dns_message_randiv_pad.binvec.parquet
Processing /users/lenders/pivot-eval/output_dataset/oscore-schc-d2-min-rules_cbor_dns_message_b64_randiv_pad.training.csv.gz
Created /users/lenders/pivot-eval/output_dataset/oscore-schc-d2-min-rules_cbor_dns_message_b64_randiv_pad.binvec.parquet
Processing /users/lenders/pivot-eval/output_dataset/oscore-schc-d2-min-rules_cbor_dns_message_b64.training.csv.gz
Created /users/lenders/pivot-eval/output_dataset/oscore-schc-d2-min-rules_cbor_dns_message_b64.binvec.parquet
Processing /users/lenders/pivot-eval/output_dataset/oscore-schc-d2-peer-based_cbor_dns_message.training.csv.gz
Created /users/lenders/pivot-eval/output_dataset/oscore-schc-d2-peer-based_cbor_dns_message.binvec.parquet
Processing /users/lenders/pivot-eval/output_dataset/oscore-schc-d2-peer-based_cbor_dns_message_randiv_pad.training.csv.gz
Created /users/lenders/pivot-eval/output_dataset/oscore-schc-d2-peer-based_cbor_dns_message_randiv_pad.binvec.parquet
Processing /users/lenders/pivot-eval/output_dataset/oscore-base-schc-p2-min-rules_cbor_dns_message_b64.training.csv.gz
Created /users/lenders/pivot-eval/output_dataset/oscore-base-schc-p2-min-rules_cbor_dns_message_b64.binvec.parquet
Processing /users/lenders/pivot-eval/output_dataset/coaps-schc-d2-peer-based_cbor_dns_message_b64.training.csv.gz
Created /users/lenders/pivot-eval/output_dataset/coaps-schc-d2-peer-based_cbor_dns_message_b64.binvec.parquet
Processing /users/lenders/pivot-eval/output_dataset/oscore-base-schc-d2-peer-based_cbor_dns_message.training.csv.gz
Created /users/lenders/pivot-eval/output_dataset/oscore-base-schc-d2-peer-based_cbor_dns_message.binvec.parquet
Processing /users/lenders/pivot-eval/output_dataset/oscore-base-schc-d2-min-rules_cbor_dns_message_b64.training.csv.gz
Created /users/lenders/pivot-eval/output_dataset/oscore-base-schc-d2-min-rules_cbor_dns_message_b64.binvec.parquet
Processing /users/lenders/pivot-eval/output_dataset/coaps-schc-d2-peer-based_cbor_dns_message_b64_randiv_pad.training.csv.gz
Created /users/lenders/pivot-eval/output_dataset/coaps-schc-d2-peer-based_cbor_dns_message_b64_randiv_pad.binvec.parquet
Processing /users/lenders/pivot-eval/output_dataset/oscore-schc-d2-peer-based_cbor_dns_message_b64.training.csv.gz
Created /users/lenders/pivot-eval/output_dataset/oscore-schc-d2-peer-based_cbor_dns_message_b64.binvec.parquet
Processing /users/lenders/pivot-eval/output_dataset/oscore-schc-d2-peer-based_cbor_dns_message_b64_randiv_pad.training.csv.gz
Created /users/lenders/pivot-eval/output_dataset/oscore-schc-d2-peer-based_cbor_dns_message_b64_randiv_pad.binvec.parquet
Processing /users/lenders/pivot-eval/output_dataset/oscore-base-schc-d2-peer-based_cbor_dns_message_b64.training.csv.gz
Created /users/lenders/pivot-eval/output_dataset/oscore-base-schc-d2-peer-based_cbor_dns_message_b64.binvec.parquet
Processing /users/lenders/pivot-eval/output_dataset/oscore-base-d1_cbor_dns_message_b64.training.csv.gz
Created /users/lenders/pivot-eval/output_dataset/oscore-base-d1_cbor_dns_message_b64.binvec.parquet
Processing /users/lenders/pivot-eval/output_dataset/oscore-base-d2_cbor_dns_message_b64.training.csv.gz
Created /users/lenders/pivot-eval/output_dataset/oscore-base-d2_cbor_dns_message_b64.binvec.parquet
Processing /users/lenders/pivot-eval/output_dataset/coap-d1_cbor_dns_cbor.training.csv.gz
Created /users/lenders/pivot-eval/output_dataset/coap-d1_cbor_dns_cbor.binvec.parquet
Processing /users/lenders/pivot-eval/output_dataset/coap-d2_cbor_dns_cbor.training.csv.gz
Created /users/lenders/pivot-eval/output_dataset/coap-d2_cbor_dns_cbor.binvec.parquet
Processing /users/lenders/pivot-eval/output_dataset/coap-p2_cbor_dns_cbor.training.csv.gz
Created /users/lenders/pivot-eval/output_dataset/coap-p2_cbor_dns_cbor.binvec.parquet
Processing /users/lenders/pivot-eval/output_dataset/coap-p1_cbor_dns_cbor.training.csv.gz
Created /users/lenders/pivot-eval/output_dataset/coap-p1_cbor_dns_cbor.binvec.parquet
Processing /users/lenders/pivot-eval/output_dataset/coaps-d1_cbor_dns_cbor.training.csv.gz
Created /users/lenders/pivot-eval/output_dataset/coaps-d1_cbor_dns_cbor.binvec.parquet
Processing /users/lenders/pivot-eval/output_dataset/oscore-base-p2_cbor_dns_message_b64.training.csv.gz
Created /users/lenders/pivot-eval/output_dataset/oscore-base-p2_cbor_dns_message_b64.binvec.parquet
Processing /users/lenders/pivot-eval/output_dataset/coaps-d1_cbor_dns_cbor_randiv_pad.training.csv.gz
Created /users/lenders/pivot-eval/output_dataset/coaps-d1_cbor_dns_cbor_randiv_pad.binvec.parquet
Processing /users/lenders/pivot-eval/output_dataset/oscore-base-p1_cbor_dns_message_b64.training.csv.gz
Created /users/lenders/pivot-eval/output_dataset/oscore-base-p1_cbor_dns_message_b64.binvec.parquet
Processing /users/lenders/pivot-eval/output_dataset/coap-d1_cbor_dns_cbor_b64.training.csv.gz
Created /users/lenders/pivot-eval/output_dataset/coap-d1_cbor_dns_cbor_b64.binvec.parquet
Processing /users/lenders/pivot-eval/output_dataset/https-p2_cbor_dns_cbor.training.csv.gz
Created /users/lenders/pivot-eval/output_dataset/https-p2_cbor_dns_cbor.binvec.parquet
Processing /users/lenders/pivot-eval/output_dataset/https-d1_cbor_dns_cbor.training.csv.gz
Created /users/lenders/pivot-eval/output_dataset/https-d1_cbor_dns_cbor.binvec.parquet
Processing /users/lenders/pivot-eval/output_dataset/https-p1_cbor_dns_cbor.training.csv.gz
Created /users/lenders/pivot-eval/output_dataset/https-p1_cbor_dns_cbor.binvec.parquet
Processing /users/lenders/pivot-eval/output_dataset/coap-d2_cbor_dns_cbor_b64.training.csv.gz
Created /users/lenders/pivot-eval/output_dataset/coap-d2_cbor_dns_cbor_b64.binvec.parquet
Processing /users/lenders/pivot-eval/output_dataset/https-d2_cbor_dns_cbor.training.csv.gz
Created /users/lenders/pivot-eval/output_dataset/https-d2_cbor_dns_cbor.binvec.parquet
Processing /users/lenders/pivot-eval/output_dataset/coaps-d2_cbor_dns_cbor.training.csv.gz
Created /users/lenders/pivot-eval/output_dataset/coaps-d2_cbor_dns_cbor.binvec.parquet
Processing /users/lenders/pivot-eval/output_dataset/coaps-p1_cbor_dns_cbor.training.csv.gz
Created /users/lenders/pivot-eval/output_dataset/coaps-p1_cbor_dns_cbor.binvec.parquet
Processing /users/lenders/pivot-eval/output_dataset/coaps-p1_cbor_dns_cbor_randiv_pad.training.csv.gz
Created /users/lenders/pivot-eval/output_dataset/coaps-p1_cbor_dns_cbor_randiv_pad.binvec.parquet
Processing /users/lenders/pivot-eval/output_dataset/coaps-d2_cbor_dns_cbor_randiv_pad.training.csv.gz
Created /users/lenders/pivot-eval/output_dataset/coaps-d2_cbor_dns_cbor_randiv_pad.binvec.parquet
Processing /users/lenders/pivot-eval/output_dataset/coaps-p2_cbor_dns_cbor.training.csv.gz
Created /users/lenders/pivot-eval/output_dataset/coaps-p2_cbor_dns_cbor.binvec.parquet
Processing /users/lenders/pivot-eval/output_dataset/coaps-p2_cbor_dns_cbor_randiv_pad.training.csv.gz
Created /users/lenders/pivot-eval/output_dataset/coaps-p2_cbor_dns_cbor_randiv_pad.binvec.parquet
Processing /users/lenders/pivot-eval/output_dataset/oscore-d1_cbor_dns_cbor.training.csv.gz
Created /users/lenders/pivot-eval/output_dataset/oscore-d1_cbor_dns_cbor.binvec.parquet
Processing /users/lenders/pivot-eval/output_dataset/coap-p1_cbor_dns_cbor_b64.training.csv.gz
Created /users/lenders/pivot-eval/output_dataset/coap-p1_cbor_dns_cbor_b64.binvec.parquet
Processing /users/lenders/pivot-eval/output_dataset/coap-p2_cbor_dns_cbor_b64.training.csv.gz
Created /users/lenders/pivot-eval/output_dataset/coap-p2_cbor_dns_cbor_b64.binvec.parquet
Processing /users/lenders/pivot-eval/output_dataset/oscore-d2_cbor_dns_cbor.training.csv.gz
Created /users/lenders/pivot-eval/output_dataset/oscore-d2_cbor_dns_cbor.binvec.parquet
Processing /users/lenders/pivot-eval/output_dataset/oscore-d1_cbor_dns_cbor_randiv_pad.training.csv.gz
Created /users/lenders/pivot-eval/output_dataset/oscore-d1_cbor_dns_cbor_randiv_pad.binvec.parquet
Processing /users/lenders/pivot-eval/output_dataset/oscore-d2_cbor_dns_cbor_randiv_pad.training.csv.gz
Created /users/lenders/pivot-eval/output_dataset/oscore-d2_cbor_dns_cbor_randiv_pad.binvec.parquet
Processing /users/lenders/pivot-eval/output_dataset/oscore-p1_cbor_dns_cbor.training.csv.gz
Created /users/lenders/pivot-eval/output_dataset/oscore-p1_cbor_dns_cbor.binvec.parquet
Processing /users/lenders/pivot-eval/output_dataset/oscore-p1_cbor_dns_cbor_randiv_pad.training.csv.gz
Created /users/lenders/pivot-eval/output_dataset/oscore-p1_cbor_dns_cbor_randiv_pad.binvec.parquet
Processing /users/lenders/pivot-eval/output_dataset/oscore-p2_cbor_dns_cbor_randiv_pad.training.csv.gz
Created /users/lenders/pivot-eval/output_dataset/oscore-p2_cbor_dns_cbor_randiv_pad.binvec.parquet
Processing /users/lenders/pivot-eval/output_dataset/oscore-p2_cbor_dns_cbor.training.csv.gz
Created /users/lenders/pivot-eval/output_dataset/oscore-p2_cbor_dns_cbor.binvec.parquet
Processing /users/lenders/pivot-eval/output_dataset/coaps-d1_cbor_dns_cbor_b64.training.csv.gz
Created /users/lenders/pivot-eval/output_dataset/coaps-d1_cbor_dns_cbor_b64.binvec.parquet
Processing /users/lenders/pivot-eval/output_dataset/coaps-d2_cbor_dns_cbor_b64.training.csv.gz
Created /users/lenders/pivot-eval/output_dataset/coaps-d2_cbor_dns_cbor_b64.binvec.parquet
Processing /users/lenders/pivot-eval/output_dataset/coaps-d2_cbor_dns_cbor_b64_randiv_pad.training.csv.gz
Created /users/lenders/pivot-eval/output_dataset/coaps-d2_cbor_dns_cbor_b64_randiv_pad.binvec.parquet
Processing /users/lenders/pivot-eval/output_dataset/coaps-d1_cbor_dns_cbor_b64_randiv_pad.training.csv.gz
Created /users/lenders/pivot-eval/output_dataset/coaps-d1_cbor_dns_cbor_b64_randiv_pad.binvec.parquet
Processing /users/lenders/pivot-eval/output_dataset/coaps-p2_cbor_dns_cbor_b64_randiv_pad.training.csv.gz
Created /users/lenders/pivot-eval/output_dataset/coaps-p2_cbor_dns_cbor_b64_randiv_pad.binvec.parquet
Processing /users/lenders/pivot-eval/output_dataset/coaps-p2_cbor_dns_cbor_b64.training.csv.gz
Created /users/lenders/pivot-eval/output_dataset/coaps-p2_cbor_dns_cbor_b64.binvec.parquet
Processing /users/lenders/pivot-eval/output_dataset/coaps-p1_cbor_dns_cbor_b64.training.csv.gz
Created /users/lenders/pivot-eval/output_dataset/coaps-p1_cbor_dns_cbor_b64.binvec.parquet
Processing /users/lenders/pivot-eval/output_dataset/oscore-d1_cbor_dns_cbor_b64.training.csv.gz
Created /users/lenders/pivot-eval/output_dataset/oscore-d1_cbor_dns_cbor_b64.binvec.parquet
Processing /users/lenders/pivot-eval/output_dataset/oscore-d1_cbor_dns_cbor_b64_randiv_pad.training.csv.gz
Created /users/lenders/pivot-eval/output_dataset/oscore-d1_cbor_dns_cbor_b64_randiv_pad.binvec.parquet
Processing /users/lenders/pivot-eval/output_dataset/oscore-d2_cbor_dns_cbor_b64.training.csv.gz
Created /users/lenders/pivot-eval/output_dataset/oscore-d2_cbor_dns_cbor_b64.binvec.parquet
Processing /users/lenders/pivot-eval/output_dataset/coaps-p1_cbor_dns_cbor_b64_randiv_pad.training.csv.gz
Created /users/lenders/pivot-eval/output_dataset/coaps-p1_cbor_dns_cbor_b64_randiv_pad.binvec.parquet
Processing /users/lenders/pivot-eval/output_dataset/oscore-d2_cbor_dns_cbor_b64_randiv_pad.training.csv.gz
Created /users/lenders/pivot-eval/output_dataset/oscore-d2_cbor_dns_cbor_b64_randiv_pad.binvec.parquet
Processing /users/lenders/pivot-eval/output_dataset/coaps-schc-d1_cbor_dns_cbor.training.csv.gz
Created /users/lenders/pivot-eval/output_dataset/coaps-schc-d1_cbor_dns_cbor.binvec.parquet
Processing /users/lenders/pivot-eval/output_dataset/oscore-p1_cbor_dns_cbor_b64.training.csv.gz
Created /users/lenders/pivot-eval/output_dataset/oscore-p1_cbor_dns_cbor_b64.binvec.parquet
Processing /users/lenders/pivot-eval/output_dataset/coaps-schc-d1_cbor_dns_cbor_randiv_pad.training.csv.gz
Created /users/lenders/pivot-eval/output_dataset/coaps-schc-d1_cbor_dns_cbor_randiv_pad.binvec.parquet
Processing /users/lenders/pivot-eval/output_dataset/coaps-schc-d2_cbor_dns_cbor.training.csv.gz
Created /users/lenders/pivot-eval/output_dataset/coaps-schc-d2_cbor_dns_cbor.binvec.parquet
Processing /users/lenders/pivot-eval/output_dataset/coaps-schc-d2_cbor_dns_cbor_randiv_pad.training.csv.gz
Created /users/lenders/pivot-eval/output_dataset/coaps-schc-d2_cbor_dns_cbor_randiv_pad.binvec.parquet
Processing /users/lenders/pivot-eval/output_dataset/oscore-base-d1_cbor_dns_cbor.training.csv.gz
Created /users/lenders/pivot-eval/output_dataset/oscore-base-d1_cbor_dns_cbor.binvec.parquet
Processing /users/lenders/pivot-eval/output_dataset/coaps-schc-p1_cbor_dns_cbor.training.csv.gz
Created /users/lenders/pivot-eval/output_dataset/coaps-schc-p1_cbor_dns_cbor.binvec.parquet
Processing /users/lenders/pivot-eval/output_dataset/coaps-schc-p1_cbor_dns_cbor_randiv_pad.training.csv.gz
Created /users/lenders/pivot-eval/output_dataset/coaps-schc-p1_cbor_dns_cbor_randiv_pad.binvec.parquet
Processing /users/lenders/pivot-eval/output_dataset/coaps-schc-p2_cbor_dns_cbor.training.csv.gz
Created /users/lenders/pivot-eval/output_dataset/coaps-schc-p2_cbor_dns_cbor.binvec.parquet
Processing /users/lenders/pivot-eval/output_dataset/coaps-schc-p2_cbor_dns_cbor_randiv_pad.training.csv.gz
Created /users/lenders/pivot-eval/output_dataset/coaps-schc-p2_cbor_dns_cbor_randiv_pad.binvec.parquet
Processing /users/lenders/pivot-eval/output_dataset/oscore-base-p2_cbor_dns_cbor.training.csv.gz
Created /users/lenders/pivot-eval/output_dataset/oscore-base-p2_cbor_dns_cbor.binvec.parquet
Processing /users/lenders/pivot-eval/output_dataset/oscore-base-p1_cbor_dns_cbor.training.csv.gz
Created /users/lenders/pivot-eval/output_dataset/oscore-base-p1_cbor_dns_cbor.binvec.parquet
Processing /users/lenders/pivot-eval/output_dataset/oscore-base-d2_cbor_dns_cbor.training.csv.gz
Created /users/lenders/pivot-eval/output_dataset/oscore-base-d2_cbor_dns_cbor.binvec.parquet
Processing /users/lenders/pivot-eval/output_dataset/oscore-p1_cbor_dns_cbor_b64_randiv_pad.training.csv.gz
Created /users/lenders/pivot-eval/output_dataset/oscore-p1_cbor_dns_cbor_b64_randiv_pad.binvec.parquet
Processing /users/lenders/pivot-eval/output_dataset/coaps-schc-d1_cbor_dns_cbor_b64.training.csv.gz
Created /users/lenders/pivot-eval/output_dataset/coaps-schc-d1_cbor_dns_cbor_b64.binvec.parquet
Processing /users/lenders/pivot-eval/output_dataset/coaps-schc-d1_cbor_dns_cbor_b64_randiv_pad.training.csv.gz
Created /users/lenders/pivot-eval/output_dataset/coaps-schc-d1_cbor_dns_cbor_b64_randiv_pad.binvec.parquet
Processing /users/lenders/pivot-eval/output_dataset/oscore-p2_cbor_dns_cbor_b64.training.csv.gz
Created /users/lenders/pivot-eval/output_dataset/oscore-p2_cbor_dns_cbor_b64.binvec.parquet
Processing /users/lenders/pivot-eval/output_dataset/oscore-schc-d1_cbor_dns_cbor.training.csv.gz
Created /users/lenders/pivot-eval/output_dataset/oscore-schc-d1_cbor_dns_cbor.binvec.parquet
Processing /users/lenders/pivot-eval/output_dataset/oscore-schc-d1_cbor_dns_cbor_randiv_pad.training.csv.gz
Created /users/lenders/pivot-eval/output_dataset/oscore-schc-d1_cbor_dns_cbor_randiv_pad.binvec.parquet
Processing /users/lenders/pivot-eval/output_dataset/coaps-schc-p1_cbor_dns_cbor_b64.training.csv.gz
Created /users/lenders/pivot-eval/output_dataset/coaps-schc-p1_cbor_dns_cbor_b64.binvec.parquet
Processing /users/lenders/pivot-eval/output_dataset/coaps-schc-d2_cbor_dns_cbor_b64.training.csv.gz
Created /users/lenders/pivot-eval/output_dataset/coaps-schc-d2_cbor_dns_cbor_b64.binvec.parquet
Processing /users/lenders/pivot-eval/output_dataset/coaps-schc-d2_cbor_dns_cbor_b64_randiv_pad.training.csv.gz
Created /users/lenders/pivot-eval/output_dataset/coaps-schc-d2_cbor_dns_cbor_b64_randiv_pad.binvec.parquet
Processing /users/lenders/pivot-eval/output_dataset/coaps-schc-p1_cbor_dns_cbor_b64_randiv_pad.training.csv.gz
Created /users/lenders/pivot-eval/output_dataset/coaps-schc-p1_cbor_dns_cbor_b64_randiv_pad.binvec.parquet
Processing /users/lenders/pivot-eval/output_dataset/oscore-schc-d2_cbor_dns_cbor.training.csv.gz
Created /users/lenders/pivot-eval/output_dataset/oscore-schc-d2_cbor_dns_cbor.binvec.parquet
Processing /users/lenders/pivot-eval/output_dataset/oscore-schc-d2_cbor_dns_cbor_randiv_pad.training.csv.gz
Created /users/lenders/pivot-eval/output_dataset/oscore-schc-d2_cbor_dns_cbor_randiv_pad.binvec.parquet
Processing /users/lenders/pivot-eval/output_dataset/coaps-schc-p2_cbor_dns_cbor_b64.training.csv.gz
Created /users/lenders/pivot-eval/output_dataset/coaps-schc-p2_cbor_dns_cbor_b64.binvec.parquet
Processing /users/lenders/pivot-eval/output_dataset/coaps-schc-p2_cbor_dns_cbor_b64_randiv_pad.training.csv.gz
Created /users/lenders/pivot-eval/output_dataset/coaps-schc-p2_cbor_dns_cbor_b64_randiv_pad.binvec.parquet
Processing /users/lenders/pivot-eval/output_dataset/oscore-schc-p1_cbor_dns_cbor.training.csv.gz
Created /users/lenders/pivot-eval/output_dataset/oscore-schc-p1_cbor_dns_cbor.binvec.parquet
Processing /users/lenders/pivot-eval/output_dataset/oscore-schc-p1_cbor_dns_cbor_randiv_pad.training.csv.gz
Created /users/lenders/pivot-eval/output_dataset/oscore-schc-p1_cbor_dns_cbor_randiv_pad.binvec.parquet
Processing /users/lenders/pivot-eval/output_dataset/oscore-schc-p2_cbor_dns_cbor.training.csv.gz
Created /users/lenders/pivot-eval/output_dataset/oscore-schc-p2_cbor_dns_cbor.binvec.parquet
Processing /users/lenders/pivot-eval/output_dataset/oscore-schc-p2_cbor_dns_cbor_randiv_pad.training.csv.gz
Created /users/lenders/pivot-eval/output_dataset/oscore-schc-p2_cbor_dns_cbor_randiv_pad.binvec.parquet
Processing /users/lenders/pivot-eval/output_dataset/oscore-p2_cbor_dns_cbor_b64_randiv_pad.training.csv.gz
Created /users/lenders/pivot-eval/output_dataset/oscore-p2_cbor_dns_cbor_b64_randiv_pad.binvec.parquet
Processing /users/lenders/pivot-eval/output_dataset/oscore-base-schc-d1_cbor_dns_cbor.training.csv.gz
Created /users/lenders/pivot-eval/output_dataset/oscore-base-schc-d1_cbor_dns_cbor.binvec.parquet
Processing /users/lenders/pivot-eval/output_dataset/oscore-base-schc-d2_cbor_dns_cbor.training.csv.gz
Created /users/lenders/pivot-eval/output_dataset/oscore-base-schc-d2_cbor_dns_cbor.binvec.parquet
Processing /users/lenders/pivot-eval/output_dataset/oscore-base-schc-p1_cbor_dns_cbor.training.csv.gz
Created /users/lenders/pivot-eval/output_dataset/oscore-base-schc-p1_cbor_dns_cbor.binvec.parquet
Processing /users/lenders/pivot-eval/output_dataset/oscore-schc-d1_cbor_dns_cbor_b64_randiv_pad.training.csv.gz
Created /users/lenders/pivot-eval/output_dataset/oscore-schc-d1_cbor_dns_cbor_b64_randiv_pad.binvec.parquet
Processing /users/lenders/pivot-eval/output_dataset/oscore-schc-d1_cbor_dns_cbor_b64.training.csv.gz
Created /users/lenders/pivot-eval/output_dataset/oscore-schc-d1_cbor_dns_cbor_b64.binvec.parquet
Processing /users/lenders/pivot-eval/output_dataset/oscore-schc-d2_cbor_dns_cbor_b64.training.csv.gz
Created /users/lenders/pivot-eval/output_dataset/oscore-schc-d2_cbor_dns_cbor_b64.binvec.parquet
Processing /users/lenders/pivot-eval/output_dataset/oscore-schc-d2_cbor_dns_cbor_b64_randiv_pad.training.csv.gz
Created /users/lenders/pivot-eval/output_dataset/oscore-schc-d2_cbor_dns_cbor_b64_randiv_pad.binvec.parquet
Processing /users/lenders/pivot-eval/output_dataset/oscore-base-schc-p2_cbor_dns_cbor.training.csv.gz
Created /users/lenders/pivot-eval/output_dataset/oscore-base-schc-p2_cbor_dns_cbor.binvec.parquet
Processing /users/lenders/pivot-eval/output_dataset/oscore-schc-p1_cbor_dns_cbor_b64.training.csv.gz
Created /users/lenders/pivot-eval/output_dataset/oscore-schc-p1_cbor_dns_cbor_b64.binvec.parquet
Processing /users/lenders/pivot-eval/output_dataset/oscore-base-d1_cbor_dns_cbor_b64.training.csv.gz
Created /users/lenders/pivot-eval/output_dataset/oscore-base-d1_cbor_dns_cbor_b64.binvec.parquet
Processing /users/lenders/pivot-eval/output_dataset/oscore-schc-p1_cbor_dns_cbor_b64_randiv_pad.training.csv.gz
Created /users/lenders/pivot-eval/output_dataset/oscore-schc-p1_cbor_dns_cbor_b64_randiv_pad.binvec.parquet
Processing /users/lenders/pivot-eval/output_dataset/oscore-schc-p2_cbor_dns_cbor_b64.training.csv.gz
Created /users/lenders/pivot-eval/output_dataset/oscore-schc-p2_cbor_dns_cbor_b64.binvec.parquet
Processing /users/lenders/pivot-eval/output_dataset/oscore-schc-p2_cbor_dns_cbor_b64_randiv_pad.training.csv.gz
Created /users/lenders/pivot-eval/output_dataset/oscore-schc-p2_cbor_dns_cbor_b64_randiv_pad.binvec.parquet
Processing /users/lenders/pivot-eval/output_dataset/coaps-schc-d2-min-rules_cbor_dns_cbor.training.csv.gz
Created /users/lenders/pivot-eval/output_dataset/coaps-schc-d2-min-rules_cbor_dns_cbor.binvec.parquet
Processing /users/lenders/pivot-eval/output_dataset/coaps-schc-d2-min-rules_cbor_dns_cbor_randiv_pad.training.csv.gz
Created /users/lenders/pivot-eval/output_dataset/coaps-schc-d2-min-rules_cbor_dns_cbor_randiv_pad.binvec.parquet
Processing /users/lenders/pivot-eval/output_dataset/oscore-schc-d2-min-rules_cbor_dns_cbor.training.csv.gz
Created /users/lenders/pivot-eval/output_dataset/oscore-schc-d2-min-rules_cbor_dns_cbor.binvec.parquet
Processing /users/lenders/pivot-eval/output_dataset/oscore-base-schc-p2_cbor_dns_cbor_b64.training.csv.gz
Created /users/lenders/pivot-eval/output_dataset/oscore-base-schc-p2_cbor_dns_cbor_b64.binvec.parquet
Processing /users/lenders/pivot-eval/output_dataset/oscore-schc-d2-min-rules_cbor_dns_cbor_randiv_pad.training.csv.gz
Created /users/lenders/pivot-eval/output_dataset/oscore-schc-d2-min-rules_cbor_dns_cbor_randiv_pad.binvec.parquet
Processing /users/lenders/pivot-eval/output_dataset/oscore-base-schc-p1_cbor_dns_cbor_b64.training.csv.gz
Created /users/lenders/pivot-eval/output_dataset/oscore-base-schc-p1_cbor_dns_cbor_b64.binvec.parquet
Processing /users/lenders/pivot-eval/output_dataset/oscore-base-schc-d1_cbor_dns_cbor_b64.training.csv.gz
Created /users/lenders/pivot-eval/output_dataset/oscore-base-schc-d1_cbor_dns_cbor_b64.binvec.parquet
Processing /users/lenders/pivot-eval/output_dataset/oscore-base-schc-d2-min-rules_cbor_dns_cbor.training.csv.gz
Created /users/lenders/pivot-eval/output_dataset/oscore-base-schc-d2-min-rules_cbor_dns_cbor.binvec.parquet
Processing /users/lenders/pivot-eval/output_dataset/oscore-base-schc-d2_cbor_dns_cbor_b64.training.csv.gz
Created /users/lenders/pivot-eval/output_dataset/oscore-base-schc-d2_cbor_dns_cbor_b64.binvec.parquet
Processing /users/lenders/pivot-eval/output_dataset/oscore-base-schc-p2-min-rules_cbor_dns_cbor.training.csv.gz
Created /users/lenders/pivot-eval/output_dataset/oscore-base-schc-p2-min-rules_cbor_dns_cbor.binvec.parquet
Processing /users/lenders/pivot-eval/output_dataset/coaps-schc-d2-min-rules_cbor_dns_cbor_b64.training.csv.gz
Created /users/lenders/pivot-eval/output_dataset/coaps-schc-d2-min-rules_cbor_dns_cbor_b64.binvec.parquet
Processing /users/lenders/pivot-eval/output_dataset/oscore-base-d2_cbor_dns_cbor_b64.training.csv.gz
Created /users/lenders/pivot-eval/output_dataset/oscore-base-d2_cbor_dns_cbor_b64.binvec.parquet
Processing /users/lenders/pivot-eval/output_dataset/coaps-schc-d2-min-rules_cbor_dns_cbor_b64_randiv_pad.training.csv.gz
Created /users/lenders/pivot-eval/output_dataset/coaps-schc-d2-min-rules_cbor_dns_cbor_b64_randiv_pad.binvec.parquet
Processing /users/lenders/pivot-eval/output_dataset/coaps-schc-d2-peer-based_cbor_dns_cbor.training.csv.gz
Created /users/lenders/pivot-eval/output_dataset/coaps-schc-d2-peer-based_cbor_dns_cbor.binvec.parquet
Processing /users/lenders/pivot-eval/output_dataset/oscore-schc-d2-min-rules_cbor_dns_cbor_b64.training.csv.gz
Created /users/lenders/pivot-eval/output_dataset/oscore-schc-d2-min-rules_cbor_dns_cbor_b64.binvec.parquet
Processing /users/lenders/pivot-eval/output_dataset/oscore-schc-d2-peer-based_cbor_dns_cbor.training.csv.gz
Created /users/lenders/pivot-eval/output_dataset/oscore-schc-d2-peer-based_cbor_dns_cbor.binvec.parquet
Processing /users/lenders/pivot-eval/output_dataset/coaps-schc-d2-peer-based_cbor_dns_cbor_randiv_pad.training.csv.gz
Created /users/lenders/pivot-eval/output_dataset/coaps-schc-d2-peer-based_cbor_dns_cbor_randiv_pad.binvec.parquet
Processing /users/lenders/pivot-eval/output_dataset/oscore-schc-d2-min-rules_cbor_dns_cbor_b64_randiv_pad.training.csv.gz
Created /users/lenders/pivot-eval/output_dataset/oscore-schc-d2-min-rules_cbor_dns_cbor_b64_randiv_pad.binvec.parquet
Processing /users/lenders/pivot-eval/output_dataset/oscore-schc-d2-peer-based_cbor_dns_cbor_randiv_pad.training.csv.gz
Created /users/lenders/pivot-eval/output_dataset/oscore-schc-d2-peer-based_cbor_dns_cbor_randiv_pad.binvec.parquet
Processing /users/lenders/pivot-eval/output_dataset/oscore-base-schc-p2-min-rules_cbor_dns_cbor_b64.training.csv.gz
Created /users/lenders/pivot-eval/output_dataset/oscore-base-schc-p2-min-rules_cbor_dns_cbor_b64.binvec.parquet
Processing /users/lenders/pivot-eval/output_dataset/oscore-base-schc-d2-min-rules_cbor_dns_cbor_b64.training.csv.gz
Created /users/lenders/pivot-eval/output_dataset/oscore-base-schc-d2-min-rules_cbor_dns_cbor_b64.binvec.parquet
Processing /users/lenders/pivot-eval/output_dataset/oscore-base-schc-d2-peer-based_cbor_dns_cbor.training.csv.gz
Created /users/lenders/pivot-eval/output_dataset/oscore-base-schc-d2-peer-based_cbor_dns_cbor.binvec.parquet
Processing /users/lenders/pivot-eval/output_dataset/coaps-schc-d2-peer-based_cbor_dns_cbor_b64.training.csv.gz
Created /users/lenders/pivot-eval/output_dataset/coaps-schc-d2-peer-based_cbor_dns_cbor_b64.binvec.parquet
Processing /users/lenders/pivot-eval/output_dataset/coaps-schc-d2-peer-based_cbor_dns_cbor_b64_randiv_pad.training.csv.gz
Created /users/lenders/pivot-eval/output_dataset/coaps-schc-d2-peer-based_cbor_dns_cbor_b64_randiv_pad.binvec.parquet
Processing /users/lenders/pivot-eval/output_dataset/oscore-schc-d2-peer-based_cbor_dns_cbor_b64_randiv_pad.training.csv.gz
Created /users/lenders/pivot-eval/output_dataset/oscore-schc-d2-peer-based_cbor_dns_cbor_b64_randiv_pad.binvec.parquet
Processing /users/lenders/pivot-eval/output_dataset/oscore-schc-d2-peer-based_cbor_dns_cbor_b64.training.csv.gz
Created /users/lenders/pivot-eval/output_dataset/oscore-schc-d2-peer-based_cbor_dns_cbor_b64.binvec.parquet
Processing /users/lenders/pivot-eval/output_dataset/oscore-base-schc-d2-peer-based_cbor_dns_cbor_b64.training.csv.gz
Created /users/lenders/pivot-eval/output_dataset/oscore-base-schc-d2-peer-based_cbor_dns_cbor_b64.binvec.parquet
Processing /users/lenders/pivot-eval/output_dataset/oscore-base-p2_cbor_dns_cbor_b64.training.csv.gz
Created /users/lenders/pivot-eval/output_dataset/oscore-base-p2_cbor_dns_cbor_b64.binvec.parquet
Processing /users/lenders/pivot-eval/output_dataset/oscore-base-p1_cbor_dns_cbor_b64.training.csv.gz
Created /users/lenders/pivot-eval/output_dataset/oscore-base-p1_cbor_dns_cbor_b64.binvec.parquet
  Time (abs ≡):        115939.510 s               [User: 1435649.617 s, System: 2548198.914 s]


Script done on 2026-03-31 23:30:39+00:00 [COMMAND_EXIT_CODE="0"]
